<?xml version="1.0" encoding="UTF-8"?>
<!-- Generated by org.testng.reporters.JUnitXMLReporter -->
<testsuite ignored="34" hostname="Vicky" failures="0" tests="1" name="Default test" time="60.821" errors="0" timestamp="2024-02-22T12:20:38 IST">
  <testcase classname="sprint_2_Negative.aSprint_2_LoginLogout_Demo_FMS" name="zi_whileSubscribingSchemeClickOnTheSuccessButtonInTheRazorPayPagePaymentShouldFailError35Test" time="60.758"/>
  <testcase classname="sprint_2_Negative.aSprint_2_LoginLogout_Demo_FMS" name="w_schemeCreatingWithoutGivingSchemeNameError23Test" time="0.0">
    <ignored/>
  </testcase> <!-- w_schemeCreatingWithoutGivingSchemeNameError23Test -->
  <testcase classname="sprint_2_Negative.aSprint_2_LoginLogout_Demo_FMS" name="d_clickOnEcommerceSchemesPageShouldOpenError4Test" time="0.0">
    <ignored/>
  </testcase> <!-- d_clickOnEcommerceSchemesPageShouldOpenError4Test -->
  <testcase classname="sprint_2_Negative.aSprint_2_LoginLogout_Demo_FMS" name="p_actionInfoSchemeContentAddingWithoutGivingDataError16Test" time="0.0">
    <ignored/>
  </testcase> <!-- p_actionInfoSchemeContentAddingWithoutGivingDataError16Test -->
  <testcase classname="sprint_2_Negative.aSprint_2_LoginLogout_Demo_FMS" name="zc_schemeBootstrapBtnEnablingAndCheckingSchemeIsDisabledInUserPannelError29Test" time="0.0">
    <ignored/>
  </testcase> <!-- zc_schemeBootstrapBtnEnablingAndCheckingSchemeIsDisabledInUserPannelError29Test -->
  <testcase classname="sprint_2_Negative.aSprint_2_LoginLogout_Demo_FMS" name="zh_whileSubscribingSchemeClickOnTheFailureButtonInTheRazorPayPagePaymentShouldPassError34Test" time="0.0">
    <ignored/>
  </testcase> <!-- zh_whileSubscribingSchemeClickOnTheFailureButtonInTheRazorPayPagePaymentShouldPassError34Test -->
  <testcase classname="sprint_2_Negative.aSprint_2_LoginLogout_Demo_FMS" name="ze_creatingSchemeWithoutGivingDataError31Test" time="0.0">
    <ignored/>
  </testcase> <!-- ze_creatingSchemeWithoutGivingDataError31Test -->
  <testcase classname="sprint_2_Negative.aSprint_2_LoginLogout_Demo_FMS" name="z_loginWithoutGivingPasswordError26Test" time="0.0">
    <ignored/>
  </testcase> <!-- z_loginWithoutGivingPasswordError26Test -->
  <testcase classname="sprint_2_Negative.aSprint_2_LoginLogout_Demo_FMS" name="k_addingTenureListDetailsWithoutGivingAnyDetailsError11Test" time="0.0">
    <ignored/>
  </testcase> <!-- k_addingTenureListDetailsWithoutGivingAnyDetailsError11Test -->
  <testcase classname="sprint_2_Negative.aSprint_2_LoginLogout_Demo_FMS" name="v_actionInfoSchemeFaqAddingWithoutGivingDataPageStaticError22Test" time="0.0">
    <ignored/>
  </testcase> <!-- v_actionInfoSchemeFaqAddingWithoutGivingDataPageStaticError22Test -->
  <testcase classname="sprint_2_Negative.aSprint_2_LoginLogout_Demo_FMS" name="n_addingTenureAmountDetailsByGivingAllPositiveDetailsPass14Test" time="0.0">
    <ignored/>
  </testcase> <!-- n_addingTenureAmountDetailsByGivingAllPositiveDetailsPass14Test -->
  <testcase classname="sprint_2_Negative.aSprint_2_LoginLogout_Demo_FMS" name="f_schemeClickOnAddSchemesAndAddSchemesPageShouldNotOpenError6Test" time="0.0">
    <ignored/>
  </testcase> <!-- f_schemeClickOnAddSchemesAndAddSchemesPageShouldNotOpenError6Test -->
  <testcase classname="sprint_2_Negative.aSprint_2_LoginLogout_Demo_FMS" name="zg_clickingOnUPIorQRAndClickOnUpiIdOrMobileNumberCheckBoxError33Test" time="0.0">
    <ignored/>
  </testcase> <!-- zg_clickingOnUPIorQRAndClickOnUpiIdOrMobileNumberCheckBoxError33Test -->
  <testcase classname="sprint_2_Negative.aSprint_2_LoginLogout_Demo_FMS" name="q_actionInfoSchemeTermsAndConditionsAddingWithoutGivingDataError17Test" time="0.0">
    <ignored/>
  </testcase> <!-- q_actionInfoSchemeTermsAndConditionsAddingWithoutGivingDataError17Test -->
  <testcase classname="sprint_2_Negative.aSprint_2_LoginLogout_Demo_FMS" name="l_addingTenureListDetailsByGivingAllDetailsPass12Test" time="0.0">
    <ignored/>
  </testcase> <!-- l_addingTenureListDetailsByGivingAllDetailsPass12Test -->
  <testcase classname="sprint_2_Negative.aSprint_2_LoginLogout_Demo_FMS" name="e_clickOnUserLinkSchemesPageShouldOpenError5Test" time="0.0">
    <ignored/>
  </testcase> <!-- e_clickOnUserLinkSchemesPageShouldOpenError5Test -->
  <testcase classname="sprint_2_Negative.aSprint_2_LoginLogout_Demo_FMS" name="m_addingTenureAmountDetailsWithoutGivingAnyDetailsError13Test" time="0.0">
    <ignored/>
  </testcase> <!-- m_addingTenureAmountDetailsWithoutGivingAnyDetailsError13Test -->
  <testcase classname="sprint_2_Negative.aSprint_2_LoginLogout_Demo_FMS" name="g_schemeCreatingWithoutGivingCountryDrpDwnErrorButPass7Test" time="0.0">
    <ignored/>
  </testcase> <!-- g_schemeCreatingWithoutGivingCountryDrpDwnErrorButPass7Test -->
  <testcase classname="sprint_2_Negative.aSprint_2_LoginLogout_Demo_FMS" name="zf_clickingOnPayNowBtnWithOutSelectingPaymentMode32Test" time="0.0">
    <ignored/>
  </testcase> <!-- zf_clickingOnPayNowBtnWithOutSelectingPaymentMode32Test -->
  <testcase classname="sprint_2_Negative.aSprint_2_LoginLogout_Demo_FMS" name="t_actionInfoSchemeFeatureAddingWithoutGivingDataPageStaticError20Test" time="0.0">
    <ignored/>
  </testcase> <!-- t_actionInfoSchemeFeatureAddingWithoutGivingDataPageStaticError20Test -->
  <testcase classname="sprint_2_Negative.aSprint_2_LoginLogout_Demo_FMS" name="u_actionInfoSchemeFaqAddingByGivingValidDataPass21Test" time="0.0">
    <ignored/>
  </testcase> <!-- u_actionInfoSchemeFaqAddingByGivingValidDataPass21Test -->
  <testcase classname="sprint_2_Negative.aSprint_2_LoginLogout_Demo_FMS" name="h_schemeCreatingWithoutGivingCalculationDrpDwnError8Test" time="0.0">
    <ignored/>
  </testcase> <!-- h_schemeCreatingWithoutGivingCalculationDrpDwnError8Test -->
  <testcase classname="sprint_2_Negative.aSprint_2_LoginLogout_Demo_FMS" name="a_loginByGivingInvalidEmailError1Test" time="0.0">
    <ignored/>
  </testcase> <!-- a_loginByGivingInvalidEmailError1Test -->
  <testcase classname="sprint_2_Negative.aSprint_2_LoginLogout_Demo_FMS" name="o_actionInfoSchemeContentAddingByGivingValidDataPass15Test" time="0.0">
    <ignored/>
  </testcase> <!-- o_actionInfoSchemeContentAddingByGivingValidDataPass15Test -->
  <testcase classname="sprint_2_Negative.aSprint_2_LoginLogout_Demo_FMS" name="zb_schemeBootstrapBtnDisablingAndCheckingSchemeIsEnabledInUserPannelError28Test" time="0.0">
    <ignored/>
  </testcase> <!-- zb_schemeBootstrapBtnDisablingAndCheckingSchemeIsEnabledInUserPannelError28Test -->
  <testcase classname="sprint_2_Negative.aSprint_2_LoginLogout_Demo_FMS" name="b_loginByGivingInvalidPasswordError2Test" time="0.0">
    <ignored/>
  </testcase> <!-- b_loginByGivingInvalidPasswordError2Test -->
  <testcase classname="sprint_2_Negative.aSprint_2_LoginLogout_Demo_FMS" name="j_schemeCreatingByGivingAllSchemeDetailsPass10Test" time="0.0">
    <ignored/>
  </testcase> <!-- j_schemeCreatingByGivingAllSchemeDetailsPass10Test -->
  <testcase classname="sprint_2_Negative.aSprint_2_LoginLogout_Demo_FMS" name="y_loginWithoutGivingEmailError25Test" time="0.0">
    <ignored/>
  </testcase> <!-- y_loginWithoutGivingEmailError25Test -->
  <testcase classname="sprint_2_Negative.aSprint_2_LoginLogout_Demo_FMS" name="za_loginByGivingEmailAsPwdAndPasswordAsEmailError27Test" time="0.0">
    <ignored/>
  </testcase> <!-- za_loginByGivingEmailAsPwdAndPasswordAsEmailError27Test -->
  <testcase classname="sprint_2_Negative.aSprint_2_LoginLogout_Demo_FMS" name="r_actionInfoSchemeTermsAndConditionsAddingByGivingValidDataPass18Test" time="0.0">
    <ignored/>
  </testcase> <!-- r_actionInfoSchemeTermsAndConditionsAddingByGivingValidDataPass18Test -->
  <testcase classname="sprint_2_Negative.aSprint_2_LoginLogout_Demo_FMS" name="zd_clickOnDashboardSchemePageShouldBeDisplayedError30Test" time="0.0">
    <ignored/>
  </testcase> <!-- zd_clickOnDashboardSchemePageShouldBeDisplayedError30Test -->
  <testcase classname="sprint_2_Negative.aSprint_2_LoginLogout_Demo_FMS" name="c_loginToFmsApplicationPass3Test" time="0.0">
    <ignored/>
  </testcase> <!-- c_loginToFmsApplicationPass3Test -->
  <testcase classname="sprint_2_Negative.aSprint_2_LoginLogout_Demo_FMS" name="x_loginWithoutGivingEmailAndPasswordError24Test" time="0.0">
    <ignored/>
  </testcase> <!-- x_loginWithoutGivingEmailAndPasswordError24Test -->
  <testcase classname="sprint_2_Negative.aSprint_2_LoginLogout_Demo_FMS" name="i_schemeCreatingWithoutGivingSchemeDescriptionError9Test" time="0.0">
    <ignored/>
  </testcase> <!-- i_schemeCreatingWithoutGivingSchemeDescriptionError9Test -->
  <testcase classname="sprint_2_Negative.aSprint_2_LoginLogout_Demo_FMS" name="s_actionInfoSchemeFeatureAddingByGivingValidDataPass19Test" time="0.0">
    <ignored/>
  </testcase> <!-- s_actionInfoSchemeFeatureAddingByGivingValidDataPass19Test -->
</testsuite> <!-- Default test -->
