<?xml version="1.0" encoding="UTF-8"?>
<!-- Generated by org.testng.reporters.JUnitXMLReporter -->
<testsuite ignored="0" hostname="Vicky" failures="23" tests="38" name="Test" time="1303.211" errors="0" timestamp="2024-02-22T18:02:40 IST">
  <testcase classname="sprint_2_Negative.aSprint_2_LoginLogout_Demo_FMS" name="a1_loginByGivingInvalidEmailErrorTest" time="11.446"/>
  <testcase classname="sprint_2_Negative.aSprint_2_LoginLogout_Demo_FMS" name="a2_loginByGivingInvalidPasswordErrorTest" time="11.404"/>
  <testcase classname="sprint_2_Negative.aSprint_2_LoginLogout_Demo_FMS" name="a3_loginToFmsApplicationPassTest" time="16.886"/>
  <testcase classname="sprint_2_Negative.aSprint_2_LoginLogout_Demo_FMS" name="a4_clickOnEcommerceSchemesPageShouldOpenErrorTest" time="19.131"/>
  <testcase classname="sprint_2_Negative.aSprint_2_LoginLogout_Demo_FMS" name="a5_clickOnUserLinkSchemesPageShouldOpenErrorTest" time="28.651"/>
  <testcase classname="sprint_2_Negative.aSprint_2_LoginLogout_Demo_FMS" name="a6_schemeClickOnAddSchemesAndAddSchemesPageShouldNotOpenErrorTest" time="24.609"/>
  <testcase classname="sprint_2_Negative.aSprint_2_LoginLogout_Demo_FMS" name="a7_schemeCreatingWithoutGivingCountryDrpDwnErrorButPassErrorTest" time="33.374"/>
  <testcase classname="sprint_2_Negative.aSprint_2_LoginLogout_Demo_FMS" name="a8_schemeCreatingWithoutGivingCalculationDrpDwnErrorTest" time="33.923"/>
  <testcase classname="sprint_2_Negative.aSprint_2_LoginLogout_Demo_FMS" name="a9_schemeCreatingWithoutGivingSchemeDescriptionErrorTest" time="33.831"/>
  <testcase classname="sprint_2_Negative.aSprint_2_LoginLogout_Demo_FMS" name="a10_schemeCreatingByGivingAllSchemeDetailsPassTest" time="37.455"/>
  <testcase classname="sprint_2_Negative.aSprint_2_LoginLogout_Demo_FMS" name="a11_addingTenureListDetailsWithoutGivingAnyDetailsErrorTest" time="40.5"/>
  <testcase classname="sprint_2_Negative.aSprint_2_LoginLogout_Demo_FMS" name="a12_addingTenureListDetailsByGivingAllDetailsPassTest" time="40.316">
    <failure type="org.openqa.selenium.ElementClickInterceptedException" message="element click intercepted: Element &amp;lt;button _ngcontent-yuq-c36=&amp;quot;&amp;quot; type=&amp;quot;button&amp;quot; data-bs-toggle=&amp;quot;modal&amp;quot; data-bs-target=&amp;quot;#tenure&amp;quot; class=&amp;quot;btn-sm btn-view&amp;quot;&amp;gt;...&amp;lt;/button&amp;gt; is not clickable at point (933, 370). Other element would receive the click: &amp;lt;div _ngcontent-yuq-c36=&amp;quot;&amp;quot; class=&amp;quot;modal-body&amp;quot;&amp;gt;...&amp;lt;/div&amp;gt;
  (Session info: chrome=121.0.6167.185)
Build info: version: &amp;apos;4.14.1&amp;apos;, revision: &amp;apos;03f8ede370&amp;apos;
System info: os.name: &amp;apos;Windows 11&amp;apos;, os.arch: &amp;apos;amd64&amp;apos;, os.version: &amp;apos;10.0&amp;apos;, java.version: &amp;apos;18.0.1.1&amp;apos;
Driver info: org.openqa.selenium.chrome.ChromeDriver
Command: [e1b1b399d5eafb1f14f4786168fb1187, clickElement {id=9D5495A579144B08D6F37BF7902C9C94_element_724}]
Capabilities {acceptInsecureCerts: false, browserName: chrome, browserVersion: 121.0.6167.185, chrome: {chromedriverVersion: 121.0.6167.184 (057a8ae7deb..., userDataDir: C:\WINDOWS\TEMP\scoped_dir3...}, fedcm:accounts: true, goog:chromeOptions: {debuggerAddress: localhost:53664}, networkConnectionEnabled: false, pageLoadStrategy: normal, platformName: windows, proxy: Proxy(), se:cdp: ws://localhost:53664/devtoo..., se:cdpVersion: 121.0.6167.185, setWindowRect: true, strictFileInteractability: false, timeouts: {implicit: 0, pageLoad: 300000, script: 30000}, unhandledPromptBehavior: dismiss and notify, webauthn:extension:credBlob: true, webauthn:extension:largeBlob: true, webauthn:extension:minPinLength: true, webauthn:extension:prf: true, webauthn:virtualAuthenticators: true}
Element: [[ChromeDriver: chrome on windows (e1b1b399d5eafb1f14f4786168fb1187)] -&amp;gt; xpath: (//h4[.=&amp;apos;Schemes List&amp;apos;]/ancestor::div[@class=&amp;apos;card-header&amp;apos;]//td[.=&amp;apos;Scheme8861216&amp;apos;]/following-sibling::td/button[.=&amp;apos; Info &amp;apos;])[1]]
Session ID: e1b1b399d5eafb1f14f4786168fb1187">
      <![CDATA[org.openqa.selenium.ElementClickInterceptedException: element click intercepted: Element <button _ngcontent-yuq-c36="" type="button" data-bs-toggle="modal" data-bs-target="#tenure" class="btn-sm btn-view">...</button> is not clickable at point (933, 370). Other element would receive the click: <div _ngcontent-yuq-c36="" class="modal-body">...</div>
  (Session info: chrome=121.0.6167.185)
Build info: version: '4.14.1', revision: '03f8ede370'
System info: os.name: 'Windows 11', os.arch: 'amd64', os.version: '10.0', java.version: '18.0.1.1'
Driver info: org.openqa.selenium.chrome.ChromeDriver
Command: [e1b1b399d5eafb1f14f4786168fb1187, clickElement {id=9D5495A579144B08D6F37BF7902C9C94_element_724}]
Capabilities {acceptInsecureCerts: false, browserName: chrome, browserVersion: 121.0.6167.185, chrome: {chromedriverVersion: 121.0.6167.184 (057a8ae7deb..., userDataDir: C:\WINDOWS\TEMP\scoped_dir3...}, fedcm:accounts: true, goog:chromeOptions: {debuggerAddress: localhost:53664}, networkConnectionEnabled: false, pageLoadStrategy: normal, platformName: windows, proxy: Proxy(), se:cdp: ws://localhost:53664/devtoo..., se:cdpVersion: 121.0.6167.185, setWindowRect: true, strictFileInteractability: false, timeouts: {implicit: 0, pageLoad: 300000, script: 30000}, unhandledPromptBehavior: dismiss and notify, webauthn:extension:credBlob: true, webauthn:extension:largeBlob: true, webauthn:extension:minPinLength: true, webauthn:extension:prf: true, webauthn:virtualAuthenticators: true}
Element: [[ChromeDriver: chrome on windows (e1b1b399d5eafb1f14f4786168fb1187)] -> xpath: (//h4[.='Schemes List']/ancestor::div[@class='card-header']//td[.='Scheme8861216']/following-sibling::td/button[.=' Info '])[1]]
Session ID: e1b1b399d5eafb1f14f4786168fb1187
at org.openqa.selenium.remote.codec.w3c.W3CHttpResponseCodec.createException(W3CHttpResponseCodec.java:200)
at org.openqa.selenium.remote.codec.w3c.W3CHttpResponseCodec.decode(W3CHttpResponseCodec.java:133)
at org.openqa.selenium.remote.codec.w3c.W3CHttpResponseCodec.decode(W3CHttpResponseCodec.java:52)
at org.openqa.selenium.remote.HttpCommandExecutor.execute(HttpCommandExecutor.java:191)
at org.openqa.selenium.remote.service.DriverCommandExecutor.invokeExecute(DriverCommandExecutor.java:200)
at org.openqa.selenium.remote.service.DriverCommandExecutor.execute(DriverCommandExecutor.java:175)
at org.openqa.selenium.remote.RemoteWebDriver.execute(RemoteWebDriver.java:602)
at org.openqa.selenium.remote.RemoteWebElement.execute(RemoteWebElement.java:224)
at org.openqa.selenium.remote.RemoteWebElement.click(RemoteWebElement.java:77)
at sprint_2_Negative.aSprint_2_LoginLogout_Demo_FMS.a12_addingTenureListDetailsByGivingAllDetailsPassTest(aSprint_2_LoginLogout_Demo_FMS.java:660)
at java.base/java.util.ArrayList.forEach(ArrayList.java:1511)
at java.base/java.util.concurrent.FutureTask.run(FutureTask.java:264)
at java.base/java.util.concurrent.ThreadPoolExecutor.runWorker(ThreadPoolExecutor.java:1136)
at java.base/java.util.concurrent.ThreadPoolExecutor$Worker.run(ThreadPoolExecutor.java:635)
at java.base/java.lang.Thread.run(Thread.java:833)
... Removed 18 stack frames]]>
    </failure>
  </testcase> <!-- a12_addingTenureListDetailsByGivingAllDetailsPassTest -->
  <testcase classname="sprint_2_Negative.aSprint_2_LoginLogout_Demo_FMS" name="a13_addingTenureAmountDetailsWithoutGivingAnyDetailsErrorTest" time="35.169">
    <failure type="org.openqa.selenium.ElementClickInterceptedException" message="element click intercepted: Element &amp;lt;button _ngcontent-cgi-c36=&amp;quot;&amp;quot; type=&amp;quot;button&amp;quot; data-bs-toggle=&amp;quot;modal&amp;quot; data-bs-target=&amp;quot;#tenure&amp;quot; class=&amp;quot;btn-sm btn-view&amp;quot;&amp;gt;...&amp;lt;/button&amp;gt; is not clickable at point (933, 370). Other element would receive the click: &amp;lt;div _ngcontent-cgi-c36=&amp;quot;&amp;quot; class=&amp;quot;modal-body&amp;quot;&amp;gt;...&amp;lt;/div&amp;gt;
  (Session info: chrome=121.0.6167.185)
Build info: version: &amp;apos;4.14.1&amp;apos;, revision: &amp;apos;03f8ede370&amp;apos;
System info: os.name: &amp;apos;Windows 11&amp;apos;, os.arch: &amp;apos;amd64&amp;apos;, os.version: &amp;apos;10.0&amp;apos;, java.version: &amp;apos;18.0.1.1&amp;apos;
Driver info: org.openqa.selenium.chrome.ChromeDriver
Command: [0efe92b0a0916304054836dffa70cf68, clickElement {id=CA82E62132A9A229C20606ADF7B3FBA3_element_724}]
Capabilities {acceptInsecureCerts: false, browserName: chrome, browserVersion: 121.0.6167.185, chrome: {chromedriverVersion: 121.0.6167.184 (057a8ae7deb..., userDataDir: C:\WINDOWS\TEMP\scoped_dir1...}, fedcm:accounts: true, goog:chromeOptions: {debuggerAddress: localhost:53719}, networkConnectionEnabled: false, pageLoadStrategy: normal, platformName: windows, proxy: Proxy(), se:cdp: ws://localhost:53719/devtoo..., se:cdpVersion: 121.0.6167.185, setWindowRect: true, strictFileInteractability: false, timeouts: {implicit: 0, pageLoad: 300000, script: 30000}, unhandledPromptBehavior: dismiss and notify, webauthn:extension:credBlob: true, webauthn:extension:largeBlob: true, webauthn:extension:minPinLength: true, webauthn:extension:prf: true, webauthn:virtualAuthenticators: true}
Element: [[ChromeDriver: chrome on windows (0efe92b0a0916304054836dffa70cf68)] -&amp;gt; xpath: (//h4[.=&amp;apos;Schemes List&amp;apos;]/ancestor::div[@class=&amp;apos;card-header&amp;apos;]//td[.=&amp;apos;Scheme8861216&amp;apos;]/following-sibling::td/button[.=&amp;apos; Info &amp;apos;])[1]]
Session ID: 0efe92b0a0916304054836dffa70cf68">
      <![CDATA[org.openqa.selenium.ElementClickInterceptedException: element click intercepted: Element <button _ngcontent-cgi-c36="" type="button" data-bs-toggle="modal" data-bs-target="#tenure" class="btn-sm btn-view">...</button> is not clickable at point (933, 370). Other element would receive the click: <div _ngcontent-cgi-c36="" class="modal-body">...</div>
  (Session info: chrome=121.0.6167.185)
Build info: version: '4.14.1', revision: '03f8ede370'
System info: os.name: 'Windows 11', os.arch: 'amd64', os.version: '10.0', java.version: '18.0.1.1'
Driver info: org.openqa.selenium.chrome.ChromeDriver
Command: [0efe92b0a0916304054836dffa70cf68, clickElement {id=CA82E62132A9A229C20606ADF7B3FBA3_element_724}]
Capabilities {acceptInsecureCerts: false, browserName: chrome, browserVersion: 121.0.6167.185, chrome: {chromedriverVersion: 121.0.6167.184 (057a8ae7deb..., userDataDir: C:\WINDOWS\TEMP\scoped_dir1...}, fedcm:accounts: true, goog:chromeOptions: {debuggerAddress: localhost:53719}, networkConnectionEnabled: false, pageLoadStrategy: normal, platformName: windows, proxy: Proxy(), se:cdp: ws://localhost:53719/devtoo..., se:cdpVersion: 121.0.6167.185, setWindowRect: true, strictFileInteractability: false, timeouts: {implicit: 0, pageLoad: 300000, script: 30000}, unhandledPromptBehavior: dismiss and notify, webauthn:extension:credBlob: true, webauthn:extension:largeBlob: true, webauthn:extension:minPinLength: true, webauthn:extension:prf: true, webauthn:virtualAuthenticators: true}
Element: [[ChromeDriver: chrome on windows (0efe92b0a0916304054836dffa70cf68)] -> xpath: (//h4[.='Schemes List']/ancestor::div[@class='card-header']//td[.='Scheme8861216']/following-sibling::td/button[.=' Info '])[1]]
Session ID: 0efe92b0a0916304054836dffa70cf68
at org.openqa.selenium.remote.codec.w3c.W3CHttpResponseCodec.createException(W3CHttpResponseCodec.java:200)
at org.openqa.selenium.remote.codec.w3c.W3CHttpResponseCodec.decode(W3CHttpResponseCodec.java:133)
at org.openqa.selenium.remote.codec.w3c.W3CHttpResponseCodec.decode(W3CHttpResponseCodec.java:52)
at org.openqa.selenium.remote.HttpCommandExecutor.execute(HttpCommandExecutor.java:191)
at org.openqa.selenium.remote.service.DriverCommandExecutor.invokeExecute(DriverCommandExecutor.java:200)
at org.openqa.selenium.remote.service.DriverCommandExecutor.execute(DriverCommandExecutor.java:175)
at org.openqa.selenium.remote.RemoteWebDriver.execute(RemoteWebDriver.java:602)
at org.openqa.selenium.remote.RemoteWebElement.execute(RemoteWebElement.java:224)
at org.openqa.selenium.remote.RemoteWebElement.click(RemoteWebElement.java:77)
at sprint_2_Negative.aSprint_2_LoginLogout_Demo_FMS.a13_addingTenureAmountDetailsWithoutGivingAnyDetailsErrorTest(aSprint_2_LoginLogout_Demo_FMS.java:751)
at java.base/java.util.ArrayList.forEach(ArrayList.java:1511)
at java.base/java.util.concurrent.FutureTask.run(FutureTask.java:264)
at java.base/java.util.concurrent.ThreadPoolExecutor.runWorker(ThreadPoolExecutor.java:1136)
at java.base/java.util.concurrent.ThreadPoolExecutor$Worker.run(ThreadPoolExecutor.java:635)
at java.base/java.lang.Thread.run(Thread.java:833)
... Removed 18 stack frames]]>
    </failure>
  </testcase> <!-- a13_addingTenureAmountDetailsWithoutGivingAnyDetailsErrorTest -->
  <testcase classname="sprint_2_Negative.aSprint_2_LoginLogout_Demo_FMS" name="a14_addingTenureAmountDetailsByGivingAllPositiveDetailsPassTest" time="34.215">
    <failure type="org.openqa.selenium.ElementClickInterceptedException" message="element click intercepted: Element &amp;lt;button _ngcontent-mir-c36=&amp;quot;&amp;quot; type=&amp;quot;button&amp;quot; data-bs-toggle=&amp;quot;modal&amp;quot; data-bs-target=&amp;quot;#tenure&amp;quot; class=&amp;quot;btn-sm btn-view&amp;quot;&amp;gt;...&amp;lt;/button&amp;gt; is not clickable at point (933, 370). Other element would receive the click: &amp;lt;div _ngcontent-mir-c36=&amp;quot;&amp;quot; class=&amp;quot;modal-body&amp;quot;&amp;gt;...&amp;lt;/div&amp;gt;
  (Session info: chrome=121.0.6167.185)
Build info: version: &amp;apos;4.14.1&amp;apos;, revision: &amp;apos;03f8ede370&amp;apos;
System info: os.name: &amp;apos;Windows 11&amp;apos;, os.arch: &amp;apos;amd64&amp;apos;, os.version: &amp;apos;10.0&amp;apos;, java.version: &amp;apos;18.0.1.1&amp;apos;
Driver info: org.openqa.selenium.chrome.ChromeDriver
Command: [81346a347f64c5eef00becdd781826ee, clickElement {id=21959E89E665BDADFF606DF3CCE8E55B_element_723}]
Capabilities {acceptInsecureCerts: false, browserName: chrome, browserVersion: 121.0.6167.185, chrome: {chromedriverVersion: 121.0.6167.184 (057a8ae7deb..., userDataDir: C:\WINDOWS\TEMP\scoped_dir2...}, fedcm:accounts: true, goog:chromeOptions: {debuggerAddress: localhost:53775}, networkConnectionEnabled: false, pageLoadStrategy: normal, platformName: windows, proxy: Proxy(), se:cdp: ws://localhost:53775/devtoo..., se:cdpVersion: 121.0.6167.185, setWindowRect: true, strictFileInteractability: false, timeouts: {implicit: 0, pageLoad: 300000, script: 30000}, unhandledPromptBehavior: dismiss and notify, webauthn:extension:credBlob: true, webauthn:extension:largeBlob: true, webauthn:extension:minPinLength: true, webauthn:extension:prf: true, webauthn:virtualAuthenticators: true}
Element: [[ChromeDriver: chrome on windows (81346a347f64c5eef00becdd781826ee)] -&amp;gt; xpath: (//h4[.=&amp;apos;Schemes List&amp;apos;]/ancestor::div[@class=&amp;apos;card-header&amp;apos;]//td[.=&amp;apos;Scheme8861216&amp;apos;]/following-sibling::td/button[.=&amp;apos; Info &amp;apos;])[1]]
Session ID: 81346a347f64c5eef00becdd781826ee">
      <![CDATA[org.openqa.selenium.ElementClickInterceptedException: element click intercepted: Element <button _ngcontent-mir-c36="" type="button" data-bs-toggle="modal" data-bs-target="#tenure" class="btn-sm btn-view">...</button> is not clickable at point (933, 370). Other element would receive the click: <div _ngcontent-mir-c36="" class="modal-body">...</div>
  (Session info: chrome=121.0.6167.185)
Build info: version: '4.14.1', revision: '03f8ede370'
System info: os.name: 'Windows 11', os.arch: 'amd64', os.version: '10.0', java.version: '18.0.1.1'
Driver info: org.openqa.selenium.chrome.ChromeDriver
Command: [81346a347f64c5eef00becdd781826ee, clickElement {id=21959E89E665BDADFF606DF3CCE8E55B_element_723}]
Capabilities {acceptInsecureCerts: false, browserName: chrome, browserVersion: 121.0.6167.185, chrome: {chromedriverVersion: 121.0.6167.184 (057a8ae7deb..., userDataDir: C:\WINDOWS\TEMP\scoped_dir2...}, fedcm:accounts: true, goog:chromeOptions: {debuggerAddress: localhost:53775}, networkConnectionEnabled: false, pageLoadStrategy: normal, platformName: windows, proxy: Proxy(), se:cdp: ws://localhost:53775/devtoo..., se:cdpVersion: 121.0.6167.185, setWindowRect: true, strictFileInteractability: false, timeouts: {implicit: 0, pageLoad: 300000, script: 30000}, unhandledPromptBehavior: dismiss and notify, webauthn:extension:credBlob: true, webauthn:extension:largeBlob: true, webauthn:extension:minPinLength: true, webauthn:extension:prf: true, webauthn:virtualAuthenticators: true}
Element: [[ChromeDriver: chrome on windows (81346a347f64c5eef00becdd781826ee)] -> xpath: (//h4[.='Schemes List']/ancestor::div[@class='card-header']//td[.='Scheme8861216']/following-sibling::td/button[.=' Info '])[1]]
Session ID: 81346a347f64c5eef00becdd781826ee
at org.openqa.selenium.remote.codec.w3c.W3CHttpResponseCodec.createException(W3CHttpResponseCodec.java:200)
at org.openqa.selenium.remote.codec.w3c.W3CHttpResponseCodec.decode(W3CHttpResponseCodec.java:133)
at org.openqa.selenium.remote.codec.w3c.W3CHttpResponseCodec.decode(W3CHttpResponseCodec.java:52)
at org.openqa.selenium.remote.HttpCommandExecutor.execute(HttpCommandExecutor.java:191)
at org.openqa.selenium.remote.service.DriverCommandExecutor.invokeExecute(DriverCommandExecutor.java:200)
at org.openqa.selenium.remote.service.DriverCommandExecutor.execute(DriverCommandExecutor.java:175)
at org.openqa.selenium.remote.RemoteWebDriver.execute(RemoteWebDriver.java:602)
at org.openqa.selenium.remote.RemoteWebElement.execute(RemoteWebElement.java:224)
at org.openqa.selenium.remote.RemoteWebElement.click(RemoteWebElement.java:77)
at sprint_2_Negative.aSprint_2_LoginLogout_Demo_FMS.a14_addingTenureAmountDetailsByGivingAllPositiveDetailsPassTest(aSprint_2_LoginLogout_Demo_FMS.java:857)
at java.base/java.util.ArrayList.forEach(ArrayList.java:1511)
at java.base/java.util.concurrent.FutureTask.run(FutureTask.java:264)
at java.base/java.util.concurrent.ThreadPoolExecutor.runWorker(ThreadPoolExecutor.java:1136)
at java.base/java.util.concurrent.ThreadPoolExecutor$Worker.run(ThreadPoolExecutor.java:635)
at java.base/java.lang.Thread.run(Thread.java:833)
... Removed 18 stack frames]]>
    </failure>
  </testcase> <!-- a14_addingTenureAmountDetailsByGivingAllPositiveDetailsPassTest -->
  <testcase classname="sprint_2_Negative.aSprint_2_LoginLogout_Demo_FMS" name="a15_actionInfoSchemeContentAddingByGivingValidDataPassTest" time="43.868">
    <failure type="org.openqa.selenium.ElementClickInterceptedException" message="element click intercepted: Element &amp;lt;button _ngcontent-jbj-c36=&amp;quot;&amp;quot; type=&amp;quot;button&amp;quot; data-bs-toggle=&amp;quot;modal&amp;quot; data-bs-target=&amp;quot;#tenure&amp;quot; class=&amp;quot;btn-sm btn-view&amp;quot;&amp;gt;...&amp;lt;/button&amp;gt; is not clickable at point (933, 370). Other element would receive the click: &amp;lt;div _ngcontent-jbj-c36=&amp;quot;&amp;quot; class=&amp;quot;modal-body&amp;quot;&amp;gt;...&amp;lt;/div&amp;gt;
  (Session info: chrome=121.0.6167.185)
Build info: version: &amp;apos;4.14.1&amp;apos;, revision: &amp;apos;03f8ede370&amp;apos;
System info: os.name: &amp;apos;Windows 11&amp;apos;, os.arch: &amp;apos;amd64&amp;apos;, os.version: &amp;apos;10.0&amp;apos;, java.version: &amp;apos;18.0.1.1&amp;apos;
Driver info: org.openqa.selenium.chrome.ChromeDriver
Command: [1a5e15632e5b63094fb23d64ba58697c, clickElement {id=B1488EF2DF3BC51200970CE9785D8AAC_element_724}]
Capabilities {acceptInsecureCerts: false, browserName: chrome, browserVersion: 121.0.6167.185, chrome: {chromedriverVersion: 121.0.6167.184 (057a8ae7deb..., userDataDir: C:\WINDOWS\TEMP\scoped_dir3...}, fedcm:accounts: true, goog:chromeOptions: {debuggerAddress: localhost:53831}, networkConnectionEnabled: false, pageLoadStrategy: normal, platformName: windows, proxy: Proxy(), se:cdp: ws://localhost:53831/devtoo..., se:cdpVersion: 121.0.6167.185, setWindowRect: true, strictFileInteractability: false, timeouts: {implicit: 0, pageLoad: 300000, script: 30000}, unhandledPromptBehavior: dismiss and notify, webauthn:extension:credBlob: true, webauthn:extension:largeBlob: true, webauthn:extension:minPinLength: true, webauthn:extension:prf: true, webauthn:virtualAuthenticators: true}
Element: [[ChromeDriver: chrome on windows (1a5e15632e5b63094fb23d64ba58697c)] -&amp;gt; xpath: (//h4[.=&amp;apos;Schemes List&amp;apos;]/ancestor::div[@class=&amp;apos;card-header&amp;apos;]//td[.=&amp;apos;Scheme8861216&amp;apos;]/following-sibling::td/button[.=&amp;apos; Info &amp;apos;])[1]]
Session ID: 1a5e15632e5b63094fb23d64ba58697c">
      <![CDATA[org.openqa.selenium.ElementClickInterceptedException: element click intercepted: Element <button _ngcontent-jbj-c36="" type="button" data-bs-toggle="modal" data-bs-target="#tenure" class="btn-sm btn-view">...</button> is not clickable at point (933, 370). Other element would receive the click: <div _ngcontent-jbj-c36="" class="modal-body">...</div>
  (Session info: chrome=121.0.6167.185)
Build info: version: '4.14.1', revision: '03f8ede370'
System info: os.name: 'Windows 11', os.arch: 'amd64', os.version: '10.0', java.version: '18.0.1.1'
Driver info: org.openqa.selenium.chrome.ChromeDriver
Command: [1a5e15632e5b63094fb23d64ba58697c, clickElement {id=B1488EF2DF3BC51200970CE9785D8AAC_element_724}]
Capabilities {acceptInsecureCerts: false, browserName: chrome, browserVersion: 121.0.6167.185, chrome: {chromedriverVersion: 121.0.6167.184 (057a8ae7deb..., userDataDir: C:\WINDOWS\TEMP\scoped_dir3...}, fedcm:accounts: true, goog:chromeOptions: {debuggerAddress: localhost:53831}, networkConnectionEnabled: false, pageLoadStrategy: normal, platformName: windows, proxy: Proxy(), se:cdp: ws://localhost:53831/devtoo..., se:cdpVersion: 121.0.6167.185, setWindowRect: true, strictFileInteractability: false, timeouts: {implicit: 0, pageLoad: 300000, script: 30000}, unhandledPromptBehavior: dismiss and notify, webauthn:extension:credBlob: true, webauthn:extension:largeBlob: true, webauthn:extension:minPinLength: true, webauthn:extension:prf: true, webauthn:virtualAuthenticators: true}
Element: [[ChromeDriver: chrome on windows (1a5e15632e5b63094fb23d64ba58697c)] -> xpath: (//h4[.='Schemes List']/ancestor::div[@class='card-header']//td[.='Scheme8861216']/following-sibling::td/button[.=' Info '])[1]]
Session ID: 1a5e15632e5b63094fb23d64ba58697c
at org.openqa.selenium.remote.codec.w3c.W3CHttpResponseCodec.createException(W3CHttpResponseCodec.java:200)
at org.openqa.selenium.remote.codec.w3c.W3CHttpResponseCodec.decode(W3CHttpResponseCodec.java:133)
at org.openqa.selenium.remote.codec.w3c.W3CHttpResponseCodec.decode(W3CHttpResponseCodec.java:52)
at org.openqa.selenium.remote.HttpCommandExecutor.execute(HttpCommandExecutor.java:191)
at org.openqa.selenium.remote.service.DriverCommandExecutor.invokeExecute(DriverCommandExecutor.java:200)
at org.openqa.selenium.remote.service.DriverCommandExecutor.execute(DriverCommandExecutor.java:175)
at org.openqa.selenium.remote.RemoteWebDriver.execute(RemoteWebDriver.java:602)
at org.openqa.selenium.remote.RemoteWebElement.execute(RemoteWebElement.java:224)
at org.openqa.selenium.remote.RemoteWebElement.click(RemoteWebElement.java:77)
at sprint_2_Negative.aSprint_2_LoginLogout_Demo_FMS.a15_actionInfoSchemeContentAddingByGivingValidDataPassTest(aSprint_2_LoginLogout_Demo_FMS.java:972)
at java.base/java.util.ArrayList.forEach(ArrayList.java:1511)
at java.base/java.util.concurrent.FutureTask.run(FutureTask.java:264)
at java.base/java.util.concurrent.ThreadPoolExecutor.runWorker(ThreadPoolExecutor.java:1136)
at java.base/java.util.concurrent.ThreadPoolExecutor$Worker.run(ThreadPoolExecutor.java:635)
at java.base/java.lang.Thread.run(Thread.java:833)
... Removed 18 stack frames]]>
    </failure>
  </testcase> <!-- a15_actionInfoSchemeContentAddingByGivingValidDataPassTest -->
  <testcase classname="sprint_2_Negative.aSprint_2_LoginLogout_Demo_FMS" name="a16_actionInfoSchemeContentAddingWithoutGivingDataErrorTest" time="35.078">
    <failure type="org.openqa.selenium.ElementClickInterceptedException" message="element click intercepted: Element &amp;lt;button _ngcontent-yvq-c36=&amp;quot;&amp;quot; type=&amp;quot;button&amp;quot; data-bs-toggle=&amp;quot;modal&amp;quot; data-bs-target=&amp;quot;#tenure&amp;quot; class=&amp;quot;btn-sm btn-view&amp;quot;&amp;gt;...&amp;lt;/button&amp;gt; is not clickable at point (933, 370). Other element would receive the click: &amp;lt;div _ngcontent-yvq-c36=&amp;quot;&amp;quot; class=&amp;quot;modal-body&amp;quot;&amp;gt;...&amp;lt;/div&amp;gt;
  (Session info: chrome=121.0.6167.185)
Build info: version: &amp;apos;4.14.1&amp;apos;, revision: &amp;apos;03f8ede370&amp;apos;
System info: os.name: &amp;apos;Windows 11&amp;apos;, os.arch: &amp;apos;amd64&amp;apos;, os.version: &amp;apos;10.0&amp;apos;, java.version: &amp;apos;18.0.1.1&amp;apos;
Driver info: org.openqa.selenium.chrome.ChromeDriver
Command: [633325f276623f83ab2be61d582ba384, clickElement {id=556693B0EB8BDA898E5BBC86703DC50B_element_727}]
Capabilities {acceptInsecureCerts: false, browserName: chrome, browserVersion: 121.0.6167.185, chrome: {chromedriverVersion: 121.0.6167.184 (057a8ae7deb..., userDataDir: C:\WINDOWS\TEMP\scoped_dir1...}, fedcm:accounts: true, goog:chromeOptions: {debuggerAddress: localhost:53886}, networkConnectionEnabled: false, pageLoadStrategy: normal, platformName: windows, proxy: Proxy(), se:cdp: ws://localhost:53886/devtoo..., se:cdpVersion: 121.0.6167.185, setWindowRect: true, strictFileInteractability: false, timeouts: {implicit: 0, pageLoad: 300000, script: 30000}, unhandledPromptBehavior: dismiss and notify, webauthn:extension:credBlob: true, webauthn:extension:largeBlob: true, webauthn:extension:minPinLength: true, webauthn:extension:prf: true, webauthn:virtualAuthenticators: true}
Element: [[ChromeDriver: chrome on windows (633325f276623f83ab2be61d582ba384)] -&amp;gt; xpath: (//h4[.=&amp;apos;Schemes List&amp;apos;]/ancestor::div[@class=&amp;apos;card-header&amp;apos;]//td[.=&amp;apos;Scheme8861216&amp;apos;]/following-sibling::td/button[.=&amp;apos; Info &amp;apos;])[1]]
Session ID: 633325f276623f83ab2be61d582ba384">
      <![CDATA[org.openqa.selenium.ElementClickInterceptedException: element click intercepted: Element <button _ngcontent-yvq-c36="" type="button" data-bs-toggle="modal" data-bs-target="#tenure" class="btn-sm btn-view">...</button> is not clickable at point (933, 370). Other element would receive the click: <div _ngcontent-yvq-c36="" class="modal-body">...</div>
  (Session info: chrome=121.0.6167.185)
Build info: version: '4.14.1', revision: '03f8ede370'
System info: os.name: 'Windows 11', os.arch: 'amd64', os.version: '10.0', java.version: '18.0.1.1'
Driver info: org.openqa.selenium.chrome.ChromeDriver
Command: [633325f276623f83ab2be61d582ba384, clickElement {id=556693B0EB8BDA898E5BBC86703DC50B_element_727}]
Capabilities {acceptInsecureCerts: false, browserName: chrome, browserVersion: 121.0.6167.185, chrome: {chromedriverVersion: 121.0.6167.184 (057a8ae7deb..., userDataDir: C:\WINDOWS\TEMP\scoped_dir1...}, fedcm:accounts: true, goog:chromeOptions: {debuggerAddress: localhost:53886}, networkConnectionEnabled: false, pageLoadStrategy: normal, platformName: windows, proxy: Proxy(), se:cdp: ws://localhost:53886/devtoo..., se:cdpVersion: 121.0.6167.185, setWindowRect: true, strictFileInteractability: false, timeouts: {implicit: 0, pageLoad: 300000, script: 30000}, unhandledPromptBehavior: dismiss and notify, webauthn:extension:credBlob: true, webauthn:extension:largeBlob: true, webauthn:extension:minPinLength: true, webauthn:extension:prf: true, webauthn:virtualAuthenticators: true}
Element: [[ChromeDriver: chrome on windows (633325f276623f83ab2be61d582ba384)] -> xpath: (//h4[.='Schemes List']/ancestor::div[@class='card-header']//td[.='Scheme8861216']/following-sibling::td/button[.=' Info '])[1]]
Session ID: 633325f276623f83ab2be61d582ba384
at org.openqa.selenium.remote.codec.w3c.W3CHttpResponseCodec.createException(W3CHttpResponseCodec.java:200)
at org.openqa.selenium.remote.codec.w3c.W3CHttpResponseCodec.decode(W3CHttpResponseCodec.java:133)
at org.openqa.selenium.remote.codec.w3c.W3CHttpResponseCodec.decode(W3CHttpResponseCodec.java:52)
at org.openqa.selenium.remote.HttpCommandExecutor.execute(HttpCommandExecutor.java:191)
at org.openqa.selenium.remote.service.DriverCommandExecutor.invokeExecute(DriverCommandExecutor.java:200)
at org.openqa.selenium.remote.service.DriverCommandExecutor.execute(DriverCommandExecutor.java:175)
at org.openqa.selenium.remote.RemoteWebDriver.execute(RemoteWebDriver.java:602)
at org.openqa.selenium.remote.RemoteWebElement.execute(RemoteWebElement.java:224)
at org.openqa.selenium.remote.RemoteWebElement.click(RemoteWebElement.java:77)
at sprint_2_Negative.aSprint_2_LoginLogout_Demo_FMS.a16_actionInfoSchemeContentAddingWithoutGivingDataErrorTest(aSprint_2_LoginLogout_Demo_FMS.java:1102)
at java.base/java.util.ArrayList.forEach(ArrayList.java:1511)
at java.base/java.util.concurrent.FutureTask.run(FutureTask.java:264)
at java.base/java.util.concurrent.ThreadPoolExecutor.runWorker(ThreadPoolExecutor.java:1136)
at java.base/java.util.concurrent.ThreadPoolExecutor$Worker.run(ThreadPoolExecutor.java:635)
at java.base/java.lang.Thread.run(Thread.java:833)
... Removed 18 stack frames]]>
    </failure>
  </testcase> <!-- a16_actionInfoSchemeContentAddingWithoutGivingDataErrorTest -->
  <testcase classname="sprint_2_Negative.aSprint_2_LoginLogout_Demo_FMS" name="a17_actionInfoSchemeTermsAndConditionsAddingWithoutGivingDataErrorTest" time="36.659">
    <failure type="org.openqa.selenium.ElementClickInterceptedException" message="element click intercepted: Element &amp;lt;button _ngcontent-pev-c36=&amp;quot;&amp;quot; type=&amp;quot;button&amp;quot; data-bs-toggle=&amp;quot;modal&amp;quot; data-bs-target=&amp;quot;#tenure&amp;quot; class=&amp;quot;btn-sm btn-view&amp;quot;&amp;gt;...&amp;lt;/button&amp;gt; is not clickable at point (933, 370). Other element would receive the click: &amp;lt;div _ngcontent-pev-c36=&amp;quot;&amp;quot; class=&amp;quot;modal-body&amp;quot;&amp;gt;...&amp;lt;/div&amp;gt;
  (Session info: chrome=121.0.6167.185)
Build info: version: &amp;apos;4.14.1&amp;apos;, revision: &amp;apos;03f8ede370&amp;apos;
System info: os.name: &amp;apos;Windows 11&amp;apos;, os.arch: &amp;apos;amd64&amp;apos;, os.version: &amp;apos;10.0&amp;apos;, java.version: &amp;apos;18.0.1.1&amp;apos;
Driver info: org.openqa.selenium.chrome.ChromeDriver
Command: [51147fb666ef84c05062f0e6c06cac4a, clickElement {id=BAE14D3E216AB9F0F2E85CC03511CB46_element_726}]
Capabilities {acceptInsecureCerts: false, browserName: chrome, browserVersion: 121.0.6167.185, chrome: {chromedriverVersion: 121.0.6167.184 (057a8ae7deb..., userDataDir: C:\WINDOWS\TEMP\scoped_dir1...}, fedcm:accounts: true, goog:chromeOptions: {debuggerAddress: localhost:53945}, networkConnectionEnabled: false, pageLoadStrategy: normal, platformName: windows, proxy: Proxy(), se:cdp: ws://localhost:53945/devtoo..., se:cdpVersion: 121.0.6167.185, setWindowRect: true, strictFileInteractability: false, timeouts: {implicit: 0, pageLoad: 300000, script: 30000}, unhandledPromptBehavior: dismiss and notify, webauthn:extension:credBlob: true, webauthn:extension:largeBlob: true, webauthn:extension:minPinLength: true, webauthn:extension:prf: true, webauthn:virtualAuthenticators: true}
Element: [[ChromeDriver: chrome on windows (51147fb666ef84c05062f0e6c06cac4a)] -&amp;gt; xpath: (//h4[.=&amp;apos;Schemes List&amp;apos;]/ancestor::div[@class=&amp;apos;card-header&amp;apos;]//td[.=&amp;apos;Scheme8861216&amp;apos;]/following-sibling::td/button[.=&amp;apos; Info &amp;apos;])[1]]
Session ID: 51147fb666ef84c05062f0e6c06cac4a">
      <![CDATA[org.openqa.selenium.ElementClickInterceptedException: element click intercepted: Element <button _ngcontent-pev-c36="" type="button" data-bs-toggle="modal" data-bs-target="#tenure" class="btn-sm btn-view">...</button> is not clickable at point (933, 370). Other element would receive the click: <div _ngcontent-pev-c36="" class="modal-body">...</div>
  (Session info: chrome=121.0.6167.185)
Build info: version: '4.14.1', revision: '03f8ede370'
System info: os.name: 'Windows 11', os.arch: 'amd64', os.version: '10.0', java.version: '18.0.1.1'
Driver info: org.openqa.selenium.chrome.ChromeDriver
Command: [51147fb666ef84c05062f0e6c06cac4a, clickElement {id=BAE14D3E216AB9F0F2E85CC03511CB46_element_726}]
Capabilities {acceptInsecureCerts: false, browserName: chrome, browserVersion: 121.0.6167.185, chrome: {chromedriverVersion: 121.0.6167.184 (057a8ae7deb..., userDataDir: C:\WINDOWS\TEMP\scoped_dir1...}, fedcm:accounts: true, goog:chromeOptions: {debuggerAddress: localhost:53945}, networkConnectionEnabled: false, pageLoadStrategy: normal, platformName: windows, proxy: Proxy(), se:cdp: ws://localhost:53945/devtoo..., se:cdpVersion: 121.0.6167.185, setWindowRect: true, strictFileInteractability: false, timeouts: {implicit: 0, pageLoad: 300000, script: 30000}, unhandledPromptBehavior: dismiss and notify, webauthn:extension:credBlob: true, webauthn:extension:largeBlob: true, webauthn:extension:minPinLength: true, webauthn:extension:prf: true, webauthn:virtualAuthenticators: true}
Element: [[ChromeDriver: chrome on windows (51147fb666ef84c05062f0e6c06cac4a)] -> xpath: (//h4[.='Schemes List']/ancestor::div[@class='card-header']//td[.='Scheme8861216']/following-sibling::td/button[.=' Info '])[1]]
Session ID: 51147fb666ef84c05062f0e6c06cac4a
at org.openqa.selenium.remote.codec.w3c.W3CHttpResponseCodec.createException(W3CHttpResponseCodec.java:200)
at org.openqa.selenium.remote.codec.w3c.W3CHttpResponseCodec.decode(W3CHttpResponseCodec.java:133)
at org.openqa.selenium.remote.codec.w3c.W3CHttpResponseCodec.decode(W3CHttpResponseCodec.java:52)
at org.openqa.selenium.remote.HttpCommandExecutor.execute(HttpCommandExecutor.java:191)
at org.openqa.selenium.remote.service.DriverCommandExecutor.invokeExecute(DriverCommandExecutor.java:200)
at org.openqa.selenium.remote.service.DriverCommandExecutor.execute(DriverCommandExecutor.java:175)
at org.openqa.selenium.remote.RemoteWebDriver.execute(RemoteWebDriver.java:602)
at org.openqa.selenium.remote.RemoteWebElement.execute(RemoteWebElement.java:224)
at org.openqa.selenium.remote.RemoteWebElement.click(RemoteWebElement.java:77)
at sprint_2_Negative.aSprint_2_LoginLogout_Demo_FMS.a17_actionInfoSchemeTermsAndConditionsAddingWithoutGivingDataErrorTest(aSprint_2_LoginLogout_Demo_FMS.java:1226)
at java.base/java.util.ArrayList.forEach(ArrayList.java:1511)
at java.base/java.util.concurrent.FutureTask.run(FutureTask.java:264)
at java.base/java.util.concurrent.ThreadPoolExecutor.runWorker(ThreadPoolExecutor.java:1136)
at java.base/java.util.concurrent.ThreadPoolExecutor$Worker.run(ThreadPoolExecutor.java:635)
at java.base/java.lang.Thread.run(Thread.java:833)
... Removed 18 stack frames]]>
    </failure>
  </testcase> <!-- a17_actionInfoSchemeTermsAndConditionsAddingWithoutGivingDataErrorTest -->
  <testcase classname="sprint_2_Negative.aSprint_2_LoginLogout_Demo_FMS" name="a18_actionInfoSchemeTermsAndConditionsAddingByGivingValidDataPassTest" time="35.272">
    <failure type="org.openqa.selenium.ElementClickInterceptedException" message="element click intercepted: Element &amp;lt;button _ngcontent-alf-c36=&amp;quot;&amp;quot; type=&amp;quot;button&amp;quot; data-bs-toggle=&amp;quot;modal&amp;quot; data-bs-target=&amp;quot;#tenure&amp;quot; class=&amp;quot;btn-sm btn-view&amp;quot;&amp;gt;...&amp;lt;/button&amp;gt; is not clickable at point (933, 370). Other element would receive the click: &amp;lt;div _ngcontent-alf-c36=&amp;quot;&amp;quot; class=&amp;quot;modal-body&amp;quot;&amp;gt;...&amp;lt;/div&amp;gt;
  (Session info: chrome=121.0.6167.185)
Build info: version: &amp;apos;4.14.1&amp;apos;, revision: &amp;apos;03f8ede370&amp;apos;
System info: os.name: &amp;apos;Windows 11&amp;apos;, os.arch: &amp;apos;amd64&amp;apos;, os.version: &amp;apos;10.0&amp;apos;, java.version: &amp;apos;18.0.1.1&amp;apos;
Driver info: org.openqa.selenium.chrome.ChromeDriver
Command: [33a4133540bb78596f11289d02b1db0a, clickElement {id=BD739CFDB8C8346DBBA3CC906B6A71C8_element_723}]
Capabilities {acceptInsecureCerts: false, browserName: chrome, browserVersion: 121.0.6167.185, chrome: {chromedriverVersion: 121.0.6167.184 (057a8ae7deb..., userDataDir: C:\WINDOWS\TEMP\scoped_dir2...}, fedcm:accounts: true, goog:chromeOptions: {debuggerAddress: localhost:54003}, networkConnectionEnabled: false, pageLoadStrategy: normal, platformName: windows, proxy: Proxy(), se:cdp: ws://localhost:54003/devtoo..., se:cdpVersion: 121.0.6167.185, setWindowRect: true, strictFileInteractability: false, timeouts: {implicit: 0, pageLoad: 300000, script: 30000}, unhandledPromptBehavior: dismiss and notify, webauthn:extension:credBlob: true, webauthn:extension:largeBlob: true, webauthn:extension:minPinLength: true, webauthn:extension:prf: true, webauthn:virtualAuthenticators: true}
Element: [[ChromeDriver: chrome on windows (33a4133540bb78596f11289d02b1db0a)] -&amp;gt; xpath: (//h4[.=&amp;apos;Schemes List&amp;apos;]/ancestor::div[@class=&amp;apos;card-header&amp;apos;]//td[.=&amp;apos;Scheme8861216&amp;apos;]/following-sibling::td/button[.=&amp;apos; Info &amp;apos;])[1]]
Session ID: 33a4133540bb78596f11289d02b1db0a">
      <![CDATA[org.openqa.selenium.ElementClickInterceptedException: element click intercepted: Element <button _ngcontent-alf-c36="" type="button" data-bs-toggle="modal" data-bs-target="#tenure" class="btn-sm btn-view">...</button> is not clickable at point (933, 370). Other element would receive the click: <div _ngcontent-alf-c36="" class="modal-body">...</div>
  (Session info: chrome=121.0.6167.185)
Build info: version: '4.14.1', revision: '03f8ede370'
System info: os.name: 'Windows 11', os.arch: 'amd64', os.version: '10.0', java.version: '18.0.1.1'
Driver info: org.openqa.selenium.chrome.ChromeDriver
Command: [33a4133540bb78596f11289d02b1db0a, clickElement {id=BD739CFDB8C8346DBBA3CC906B6A71C8_element_723}]
Capabilities {acceptInsecureCerts: false, browserName: chrome, browserVersion: 121.0.6167.185, chrome: {chromedriverVersion: 121.0.6167.184 (057a8ae7deb..., userDataDir: C:\WINDOWS\TEMP\scoped_dir2...}, fedcm:accounts: true, goog:chromeOptions: {debuggerAddress: localhost:54003}, networkConnectionEnabled: false, pageLoadStrategy: normal, platformName: windows, proxy: Proxy(), se:cdp: ws://localhost:54003/devtoo..., se:cdpVersion: 121.0.6167.185, setWindowRect: true, strictFileInteractability: false, timeouts: {implicit: 0, pageLoad: 300000, script: 30000}, unhandledPromptBehavior: dismiss and notify, webauthn:extension:credBlob: true, webauthn:extension:largeBlob: true, webauthn:extension:minPinLength: true, webauthn:extension:prf: true, webauthn:virtualAuthenticators: true}
Element: [[ChromeDriver: chrome on windows (33a4133540bb78596f11289d02b1db0a)] -> xpath: (//h4[.='Schemes List']/ancestor::div[@class='card-header']//td[.='Scheme8861216']/following-sibling::td/button[.=' Info '])[1]]
Session ID: 33a4133540bb78596f11289d02b1db0a
at org.openqa.selenium.remote.codec.w3c.W3CHttpResponseCodec.createException(W3CHttpResponseCodec.java:200)
at org.openqa.selenium.remote.codec.w3c.W3CHttpResponseCodec.decode(W3CHttpResponseCodec.java:133)
at org.openqa.selenium.remote.codec.w3c.W3CHttpResponseCodec.decode(W3CHttpResponseCodec.java:52)
at org.openqa.selenium.remote.HttpCommandExecutor.execute(HttpCommandExecutor.java:191)
at org.openqa.selenium.remote.service.DriverCommandExecutor.invokeExecute(DriverCommandExecutor.java:200)
at org.openqa.selenium.remote.service.DriverCommandExecutor.execute(DriverCommandExecutor.java:175)
at org.openqa.selenium.remote.RemoteWebDriver.execute(RemoteWebDriver.java:602)
at org.openqa.selenium.remote.RemoteWebElement.execute(RemoteWebElement.java:224)
at org.openqa.selenium.remote.RemoteWebElement.click(RemoteWebElement.java:77)
at sprint_2_Negative.aSprint_2_LoginLogout_Demo_FMS.a18_actionInfoSchemeTermsAndConditionsAddingByGivingValidDataPassTest(aSprint_2_LoginLogout_Demo_FMS.java:1356)
at java.base/java.util.ArrayList.forEach(ArrayList.java:1511)
at java.base/java.util.concurrent.FutureTask.run(FutureTask.java:264)
at java.base/java.util.concurrent.ThreadPoolExecutor.runWorker(ThreadPoolExecutor.java:1136)
at java.base/java.util.concurrent.ThreadPoolExecutor$Worker.run(ThreadPoolExecutor.java:635)
at java.base/java.lang.Thread.run(Thread.java:833)
... Removed 18 stack frames]]>
    </failure>
  </testcase> <!-- a18_actionInfoSchemeTermsAndConditionsAddingByGivingValidDataPassTest -->
  <testcase classname="sprint_2_Negative.aSprint_2_LoginLogout_Demo_FMS" name="a19_actionInfoSchemeFeatureAddingByGivingValidDataPassTest" time="36.129">
    <failure type="org.openqa.selenium.ElementClickInterceptedException" message="element click intercepted: Element &amp;lt;button _ngcontent-ops-c36=&amp;quot;&amp;quot; type=&amp;quot;button&amp;quot; data-bs-toggle=&amp;quot;modal&amp;quot; data-bs-target=&amp;quot;#tenure&amp;quot; class=&amp;quot;btn-sm btn-view&amp;quot;&amp;gt;...&amp;lt;/button&amp;gt; is not clickable at point (933, 370). Other element would receive the click: &amp;lt;div _ngcontent-ops-c36=&amp;quot;&amp;quot; class=&amp;quot;modal-body&amp;quot;&amp;gt;...&amp;lt;/div&amp;gt;
  (Session info: chrome=121.0.6167.185)
Build info: version: &amp;apos;4.14.1&amp;apos;, revision: &amp;apos;03f8ede370&amp;apos;
System info: os.name: &amp;apos;Windows 11&amp;apos;, os.arch: &amp;apos;amd64&amp;apos;, os.version: &amp;apos;10.0&amp;apos;, java.version: &amp;apos;18.0.1.1&amp;apos;
Driver info: org.openqa.selenium.chrome.ChromeDriver
Command: [85458e5cb77e399d30f842bae0bf5141, clickElement {id=9CC277CA1E33F7D09B6A3AC5CF284ECD_element_723}]
Capabilities {acceptInsecureCerts: false, browserName: chrome, browserVersion: 121.0.6167.185, chrome: {chromedriverVersion: 121.0.6167.184 (057a8ae7deb..., userDataDir: C:\WINDOWS\TEMP\scoped_dir1...}, fedcm:accounts: true, goog:chromeOptions: {debuggerAddress: localhost:54065}, networkConnectionEnabled: false, pageLoadStrategy: normal, platformName: windows, proxy: Proxy(), se:cdp: ws://localhost:54065/devtoo..., se:cdpVersion: 121.0.6167.185, setWindowRect: true, strictFileInteractability: false, timeouts: {implicit: 0, pageLoad: 300000, script: 30000}, unhandledPromptBehavior: dismiss and notify, webauthn:extension:credBlob: true, webauthn:extension:largeBlob: true, webauthn:extension:minPinLength: true, webauthn:extension:prf: true, webauthn:virtualAuthenticators: true}
Element: [[ChromeDriver: chrome on windows (85458e5cb77e399d30f842bae0bf5141)] -&amp;gt; xpath: (//h4[.=&amp;apos;Schemes List&amp;apos;]/ancestor::div[@class=&amp;apos;card-header&amp;apos;]//td[.=&amp;apos;Scheme8861216&amp;apos;]/following-sibling::td/button[.=&amp;apos; Info &amp;apos;])[1]]
Session ID: 85458e5cb77e399d30f842bae0bf5141">
      <![CDATA[org.openqa.selenium.ElementClickInterceptedException: element click intercepted: Element <button _ngcontent-ops-c36="" type="button" data-bs-toggle="modal" data-bs-target="#tenure" class="btn-sm btn-view">...</button> is not clickable at point (933, 370). Other element would receive the click: <div _ngcontent-ops-c36="" class="modal-body">...</div>
  (Session info: chrome=121.0.6167.185)
Build info: version: '4.14.1', revision: '03f8ede370'
System info: os.name: 'Windows 11', os.arch: 'amd64', os.version: '10.0', java.version: '18.0.1.1'
Driver info: org.openqa.selenium.chrome.ChromeDriver
Command: [85458e5cb77e399d30f842bae0bf5141, clickElement {id=9CC277CA1E33F7D09B6A3AC5CF284ECD_element_723}]
Capabilities {acceptInsecureCerts: false, browserName: chrome, browserVersion: 121.0.6167.185, chrome: {chromedriverVersion: 121.0.6167.184 (057a8ae7deb..., userDataDir: C:\WINDOWS\TEMP\scoped_dir1...}, fedcm:accounts: true, goog:chromeOptions: {debuggerAddress: localhost:54065}, networkConnectionEnabled: false, pageLoadStrategy: normal, platformName: windows, proxy: Proxy(), se:cdp: ws://localhost:54065/devtoo..., se:cdpVersion: 121.0.6167.185, setWindowRect: true, strictFileInteractability: false, timeouts: {implicit: 0, pageLoad: 300000, script: 30000}, unhandledPromptBehavior: dismiss and notify, webauthn:extension:credBlob: true, webauthn:extension:largeBlob: true, webauthn:extension:minPinLength: true, webauthn:extension:prf: true, webauthn:virtualAuthenticators: true}
Element: [[ChromeDriver: chrome on windows (85458e5cb77e399d30f842bae0bf5141)] -> xpath: (//h4[.='Schemes List']/ancestor::div[@class='card-header']//td[.='Scheme8861216']/following-sibling::td/button[.=' Info '])[1]]
Session ID: 85458e5cb77e399d30f842bae0bf5141
at org.openqa.selenium.remote.codec.w3c.W3CHttpResponseCodec.createException(W3CHttpResponseCodec.java:200)
at org.openqa.selenium.remote.codec.w3c.W3CHttpResponseCodec.decode(W3CHttpResponseCodec.java:133)
at org.openqa.selenium.remote.codec.w3c.W3CHttpResponseCodec.decode(W3CHttpResponseCodec.java:52)
at org.openqa.selenium.remote.HttpCommandExecutor.execute(HttpCommandExecutor.java:191)
at org.openqa.selenium.remote.service.DriverCommandExecutor.invokeExecute(DriverCommandExecutor.java:200)
at org.openqa.selenium.remote.service.DriverCommandExecutor.execute(DriverCommandExecutor.java:175)
at org.openqa.selenium.remote.RemoteWebDriver.execute(RemoteWebDriver.java:602)
at org.openqa.selenium.remote.RemoteWebElement.execute(RemoteWebElement.java:224)
at org.openqa.selenium.remote.RemoteWebElement.click(RemoteWebElement.java:77)
at sprint_2_Negative.aSprint_2_LoginLogout_Demo_FMS.a19_actionInfoSchemeFeatureAddingByGivingValidDataPassTest(aSprint_2_LoginLogout_Demo_FMS.java:1492)
at java.base/java.util.ArrayList.forEach(ArrayList.java:1511)
at java.base/java.util.concurrent.FutureTask.run(FutureTask.java:264)
at java.base/java.util.concurrent.ThreadPoolExecutor.runWorker(ThreadPoolExecutor.java:1136)
at java.base/java.util.concurrent.ThreadPoolExecutor$Worker.run(ThreadPoolExecutor.java:635)
at java.base/java.lang.Thread.run(Thread.java:833)
... Removed 18 stack frames]]>
    </failure>
  </testcase> <!-- a19_actionInfoSchemeFeatureAddingByGivingValidDataPassTest -->
  <testcase classname="sprint_2_Negative.aSprint_2_LoginLogout_Demo_FMS" name="a20_actionInfoSchemeFeatureAddingWithoutGivingDataPageStaticErrorTest" time="30.974">
    <failure type="org.openqa.selenium.ElementClickInterceptedException" message="element click intercepted: Element &amp;lt;button _ngcontent-sla-c36=&amp;quot;&amp;quot; type=&amp;quot;button&amp;quot; data-bs-toggle=&amp;quot;modal&amp;quot; data-bs-target=&amp;quot;#tenure&amp;quot; class=&amp;quot;btn-sm btn-view&amp;quot;&amp;gt;...&amp;lt;/button&amp;gt; is not clickable at point (933, 370). Other element would receive the click: &amp;lt;div _ngcontent-sla-c36=&amp;quot;&amp;quot; class=&amp;quot;modal-body&amp;quot;&amp;gt;...&amp;lt;/div&amp;gt;
  (Session info: chrome=121.0.6167.185)
Build info: version: &amp;apos;4.14.1&amp;apos;, revision: &amp;apos;03f8ede370&amp;apos;
System info: os.name: &amp;apos;Windows 11&amp;apos;, os.arch: &amp;apos;amd64&amp;apos;, os.version: &amp;apos;10.0&amp;apos;, java.version: &amp;apos;18.0.1.1&amp;apos;
Driver info: org.openqa.selenium.chrome.ChromeDriver
Command: [7ac379ac5e14063877b50947d19e6297, clickElement {id=72FE78A3B87D30E22BB5D8646236A20D_element_724}]
Capabilities {acceptInsecureCerts: false, browserName: chrome, browserVersion: 121.0.6167.185, chrome: {chromedriverVersion: 121.0.6167.184 (057a8ae7deb..., userDataDir: C:\WINDOWS\TEMP\scoped_dir3...}, fedcm:accounts: true, goog:chromeOptions: {debuggerAddress: localhost:54126}, networkConnectionEnabled: false, pageLoadStrategy: normal, platformName: windows, proxy: Proxy(), se:cdp: ws://localhost:54126/devtoo..., se:cdpVersion: 121.0.6167.185, setWindowRect: true, strictFileInteractability: false, timeouts: {implicit: 0, pageLoad: 300000, script: 30000}, unhandledPromptBehavior: dismiss and notify, webauthn:extension:credBlob: true, webauthn:extension:largeBlob: true, webauthn:extension:minPinLength: true, webauthn:extension:prf: true, webauthn:virtualAuthenticators: true}
Element: [[ChromeDriver: chrome on windows (7ac379ac5e14063877b50947d19e6297)] -&amp;gt; xpath: (//h4[.=&amp;apos;Schemes List&amp;apos;]/ancestor::div[@class=&amp;apos;card-header&amp;apos;]//td[.=&amp;apos;Scheme8861216&amp;apos;]/following-sibling::td/button[.=&amp;apos; Info &amp;apos;])[1]]
Session ID: 7ac379ac5e14063877b50947d19e6297">
      <![CDATA[org.openqa.selenium.ElementClickInterceptedException: element click intercepted: Element <button _ngcontent-sla-c36="" type="button" data-bs-toggle="modal" data-bs-target="#tenure" class="btn-sm btn-view">...</button> is not clickable at point (933, 370). Other element would receive the click: <div _ngcontent-sla-c36="" class="modal-body">...</div>
  (Session info: chrome=121.0.6167.185)
Build info: version: '4.14.1', revision: '03f8ede370'
System info: os.name: 'Windows 11', os.arch: 'amd64', os.version: '10.0', java.version: '18.0.1.1'
Driver info: org.openqa.selenium.chrome.ChromeDriver
Command: [7ac379ac5e14063877b50947d19e6297, clickElement {id=72FE78A3B87D30E22BB5D8646236A20D_element_724}]
Capabilities {acceptInsecureCerts: false, browserName: chrome, browserVersion: 121.0.6167.185, chrome: {chromedriverVersion: 121.0.6167.184 (057a8ae7deb..., userDataDir: C:\WINDOWS\TEMP\scoped_dir3...}, fedcm:accounts: true, goog:chromeOptions: {debuggerAddress: localhost:54126}, networkConnectionEnabled: false, pageLoadStrategy: normal, platformName: windows, proxy: Proxy(), se:cdp: ws://localhost:54126/devtoo..., se:cdpVersion: 121.0.6167.185, setWindowRect: true, strictFileInteractability: false, timeouts: {implicit: 0, pageLoad: 300000, script: 30000}, unhandledPromptBehavior: dismiss and notify, webauthn:extension:credBlob: true, webauthn:extension:largeBlob: true, webauthn:extension:minPinLength: true, webauthn:extension:prf: true, webauthn:virtualAuthenticators: true}
Element: [[ChromeDriver: chrome on windows (7ac379ac5e14063877b50947d19e6297)] -> xpath: (//h4[.='Schemes List']/ancestor::div[@class='card-header']//td[.='Scheme8861216']/following-sibling::td/button[.=' Info '])[1]]
Session ID: 7ac379ac5e14063877b50947d19e6297
at org.openqa.selenium.remote.codec.w3c.W3CHttpResponseCodec.createException(W3CHttpResponseCodec.java:200)
at org.openqa.selenium.remote.codec.w3c.W3CHttpResponseCodec.decode(W3CHttpResponseCodec.java:133)
at org.openqa.selenium.remote.codec.w3c.W3CHttpResponseCodec.decode(W3CHttpResponseCodec.java:52)
at org.openqa.selenium.remote.HttpCommandExecutor.execute(HttpCommandExecutor.java:191)
at org.openqa.selenium.remote.service.DriverCommandExecutor.invokeExecute(DriverCommandExecutor.java:200)
at org.openqa.selenium.remote.service.DriverCommandExecutor.execute(DriverCommandExecutor.java:175)
at org.openqa.selenium.remote.RemoteWebDriver.execute(RemoteWebDriver.java:602)
at org.openqa.selenium.remote.RemoteWebElement.execute(RemoteWebElement.java:224)
at org.openqa.selenium.remote.RemoteWebElement.click(RemoteWebElement.java:77)
at sprint_2_Negative.aSprint_2_LoginLogout_Demo_FMS.a20_actionInfoSchemeFeatureAddingWithoutGivingDataPageStaticErrorTest(aSprint_2_LoginLogout_Demo_FMS.java:1648)
at java.base/java.util.ArrayList.forEach(ArrayList.java:1511)
at java.base/java.util.concurrent.FutureTask.run(FutureTask.java:264)
at java.base/java.util.concurrent.ThreadPoolExecutor.runWorker(ThreadPoolExecutor.java:1136)
at java.base/java.util.concurrent.ThreadPoolExecutor$Worker.run(ThreadPoolExecutor.java:635)
at java.base/java.lang.Thread.run(Thread.java:833)
... Removed 18 stack frames]]>
    </failure>
  </testcase> <!-- a20_actionInfoSchemeFeatureAddingWithoutGivingDataPageStaticErrorTest -->
  <testcase classname="sprint_2_Negative.aSprint_2_LoginLogout_Demo_FMS" name="a21_actionInfoSchemeFaqAddingByGivingValidDataPassTest" time="35.679">
    <failure type="org.openqa.selenium.ElementClickInterceptedException" message="element click intercepted: Element &amp;lt;button _ngcontent-kkn-c36=&amp;quot;&amp;quot; type=&amp;quot;button&amp;quot; data-bs-toggle=&amp;quot;modal&amp;quot; data-bs-target=&amp;quot;#tenure&amp;quot; class=&amp;quot;btn-sm btn-view&amp;quot;&amp;gt;...&amp;lt;/button&amp;gt; is not clickable at point (933, 370). Other element would receive the click: &amp;lt;div _ngcontent-kkn-c36=&amp;quot;&amp;quot; class=&amp;quot;modal-body&amp;quot;&amp;gt;...&amp;lt;/div&amp;gt;
  (Session info: chrome=121.0.6167.185)
Build info: version: &amp;apos;4.14.1&amp;apos;, revision: &amp;apos;03f8ede370&amp;apos;
System info: os.name: &amp;apos;Windows 11&amp;apos;, os.arch: &amp;apos;amd64&amp;apos;, os.version: &amp;apos;10.0&amp;apos;, java.version: &amp;apos;18.0.1.1&amp;apos;
Driver info: org.openqa.selenium.chrome.ChromeDriver
Command: [8df0e6533421f1a21a790058d2207914, clickElement {id=713E3240D59EB420349DE2044A6B49E3_element_723}]
Capabilities {acceptInsecureCerts: false, browserName: chrome, browserVersion: 121.0.6167.185, chrome: {chromedriverVersion: 121.0.6167.184 (057a8ae7deb..., userDataDir: C:\WINDOWS\TEMP\scoped_dir2...}, fedcm:accounts: true, goog:chromeOptions: {debuggerAddress: localhost:54180}, networkConnectionEnabled: false, pageLoadStrategy: normal, platformName: windows, proxy: Proxy(), se:cdp: ws://localhost:54180/devtoo..., se:cdpVersion: 121.0.6167.185, setWindowRect: true, strictFileInteractability: false, timeouts: {implicit: 0, pageLoad: 300000, script: 30000}, unhandledPromptBehavior: dismiss and notify, webauthn:extension:credBlob: true, webauthn:extension:largeBlob: true, webauthn:extension:minPinLength: true, webauthn:extension:prf: true, webauthn:virtualAuthenticators: true}
Element: [[ChromeDriver: chrome on windows (8df0e6533421f1a21a790058d2207914)] -&amp;gt; xpath: (//h4[.=&amp;apos;Schemes List&amp;apos;]/ancestor::div[@class=&amp;apos;card-header&amp;apos;]//td[.=&amp;apos;Scheme8861216&amp;apos;]/following-sibling::td/button[.=&amp;apos; Info &amp;apos;])[1]]
Session ID: 8df0e6533421f1a21a790058d2207914">
      <![CDATA[org.openqa.selenium.ElementClickInterceptedException: element click intercepted: Element <button _ngcontent-kkn-c36="" type="button" data-bs-toggle="modal" data-bs-target="#tenure" class="btn-sm btn-view">...</button> is not clickable at point (933, 370). Other element would receive the click: <div _ngcontent-kkn-c36="" class="modal-body">...</div>
  (Session info: chrome=121.0.6167.185)
Build info: version: '4.14.1', revision: '03f8ede370'
System info: os.name: 'Windows 11', os.arch: 'amd64', os.version: '10.0', java.version: '18.0.1.1'
Driver info: org.openqa.selenium.chrome.ChromeDriver
Command: [8df0e6533421f1a21a790058d2207914, clickElement {id=713E3240D59EB420349DE2044A6B49E3_element_723}]
Capabilities {acceptInsecureCerts: false, browserName: chrome, browserVersion: 121.0.6167.185, chrome: {chromedriverVersion: 121.0.6167.184 (057a8ae7deb..., userDataDir: C:\WINDOWS\TEMP\scoped_dir2...}, fedcm:accounts: true, goog:chromeOptions: {debuggerAddress: localhost:54180}, networkConnectionEnabled: false, pageLoadStrategy: normal, platformName: windows, proxy: Proxy(), se:cdp: ws://localhost:54180/devtoo..., se:cdpVersion: 121.0.6167.185, setWindowRect: true, strictFileInteractability: false, timeouts: {implicit: 0, pageLoad: 300000, script: 30000}, unhandledPromptBehavior: dismiss and notify, webauthn:extension:credBlob: true, webauthn:extension:largeBlob: true, webauthn:extension:minPinLength: true, webauthn:extension:prf: true, webauthn:virtualAuthenticators: true}
Element: [[ChromeDriver: chrome on windows (8df0e6533421f1a21a790058d2207914)] -> xpath: (//h4[.='Schemes List']/ancestor::div[@class='card-header']//td[.='Scheme8861216']/following-sibling::td/button[.=' Info '])[1]]
Session ID: 8df0e6533421f1a21a790058d2207914
at org.openqa.selenium.remote.codec.w3c.W3CHttpResponseCodec.createException(W3CHttpResponseCodec.java:200)
at org.openqa.selenium.remote.codec.w3c.W3CHttpResponseCodec.decode(W3CHttpResponseCodec.java:133)
at org.openqa.selenium.remote.codec.w3c.W3CHttpResponseCodec.decode(W3CHttpResponseCodec.java:52)
at org.openqa.selenium.remote.HttpCommandExecutor.execute(HttpCommandExecutor.java:191)
at org.openqa.selenium.remote.service.DriverCommandExecutor.invokeExecute(DriverCommandExecutor.java:200)
at org.openqa.selenium.remote.service.DriverCommandExecutor.execute(DriverCommandExecutor.java:175)
at org.openqa.selenium.remote.RemoteWebDriver.execute(RemoteWebDriver.java:602)
at org.openqa.selenium.remote.RemoteWebElement.execute(RemoteWebElement.java:224)
at org.openqa.selenium.remote.RemoteWebElement.click(RemoteWebElement.java:77)
at sprint_2_Negative.aSprint_2_LoginLogout_Demo_FMS.a21_actionInfoSchemeFaqAddingByGivingValidDataPassTest(aSprint_2_LoginLogout_Demo_FMS.java:1799)
at java.base/java.util.ArrayList.forEach(ArrayList.java:1511)
at java.base/java.util.concurrent.FutureTask.run(FutureTask.java:264)
at java.base/java.util.concurrent.ThreadPoolExecutor.runWorker(ThreadPoolExecutor.java:1136)
at java.base/java.util.concurrent.ThreadPoolExecutor$Worker.run(ThreadPoolExecutor.java:635)
at java.base/java.lang.Thread.run(Thread.java:833)
... Removed 18 stack frames]]>
    </failure>
  </testcase> <!-- a21_actionInfoSchemeFaqAddingByGivingValidDataPassTest -->
  <testcase classname="sprint_2_Negative.aSprint_2_LoginLogout_Demo_FMS" name="a22_actionInfoSchemeFaqAddingWithoutGivingDataPageStaticErrorTest" time="42.298">
    <failure type="org.openqa.selenium.ElementClickInterceptedException" message="element click intercepted: Element &amp;lt;button _ngcontent-uyc-c36=&amp;quot;&amp;quot; type=&amp;quot;button&amp;quot; data-bs-toggle=&amp;quot;modal&amp;quot; data-bs-target=&amp;quot;#tenure&amp;quot; class=&amp;quot;btn-sm btn-view&amp;quot;&amp;gt;...&amp;lt;/button&amp;gt; is not clickable at point (933, 370). Other element would receive the click: &amp;lt;div _ngcontent-uyc-c36=&amp;quot;&amp;quot; class=&amp;quot;modal-body&amp;quot;&amp;gt;...&amp;lt;/div&amp;gt;
  (Session info: chrome=121.0.6167.185)
Build info: version: &amp;apos;4.14.1&amp;apos;, revision: &amp;apos;03f8ede370&amp;apos;
System info: os.name: &amp;apos;Windows 11&amp;apos;, os.arch: &amp;apos;amd64&amp;apos;, os.version: &amp;apos;10.0&amp;apos;, java.version: &amp;apos;18.0.1.1&amp;apos;
Driver info: org.openqa.selenium.chrome.ChromeDriver
Command: [7671ffd726fa9f76720bd4be2f9ca180, clickElement {id=AD6AA9ADB0CEBC4E16D30FCEF021766E_element_724}]
Capabilities {acceptInsecureCerts: false, browserName: chrome, browserVersion: 121.0.6167.185, chrome: {chromedriverVersion: 121.0.6167.184 (057a8ae7deb..., userDataDir: C:\WINDOWS\TEMP\scoped_dir2...}, fedcm:accounts: true, goog:chromeOptions: {debuggerAddress: localhost:54239}, networkConnectionEnabled: false, pageLoadStrategy: normal, platformName: windows, proxy: Proxy(), se:cdp: ws://localhost:54239/devtoo..., se:cdpVersion: 121.0.6167.185, setWindowRect: true, strictFileInteractability: false, timeouts: {implicit: 0, pageLoad: 300000, script: 30000}, unhandledPromptBehavior: dismiss and notify, webauthn:extension:credBlob: true, webauthn:extension:largeBlob: true, webauthn:extension:minPinLength: true, webauthn:extension:prf: true, webauthn:virtualAuthenticators: true}
Element: [[ChromeDriver: chrome on windows (7671ffd726fa9f76720bd4be2f9ca180)] -&amp;gt; xpath: (//h4[.=&amp;apos;Schemes List&amp;apos;]/ancestor::div[@class=&amp;apos;card-header&amp;apos;]//td[.=&amp;apos;Scheme8861216&amp;apos;]/following-sibling::td/button[.=&amp;apos; Info &amp;apos;])[1]]
Session ID: 7671ffd726fa9f76720bd4be2f9ca180">
      <![CDATA[org.openqa.selenium.ElementClickInterceptedException: element click intercepted: Element <button _ngcontent-uyc-c36="" type="button" data-bs-toggle="modal" data-bs-target="#tenure" class="btn-sm btn-view">...</button> is not clickable at point (933, 370). Other element would receive the click: <div _ngcontent-uyc-c36="" class="modal-body">...</div>
  (Session info: chrome=121.0.6167.185)
Build info: version: '4.14.1', revision: '03f8ede370'
System info: os.name: 'Windows 11', os.arch: 'amd64', os.version: '10.0', java.version: '18.0.1.1'
Driver info: org.openqa.selenium.chrome.ChromeDriver
Command: [7671ffd726fa9f76720bd4be2f9ca180, clickElement {id=AD6AA9ADB0CEBC4E16D30FCEF021766E_element_724}]
Capabilities {acceptInsecureCerts: false, browserName: chrome, browserVersion: 121.0.6167.185, chrome: {chromedriverVersion: 121.0.6167.184 (057a8ae7deb..., userDataDir: C:\WINDOWS\TEMP\scoped_dir2...}, fedcm:accounts: true, goog:chromeOptions: {debuggerAddress: localhost:54239}, networkConnectionEnabled: false, pageLoadStrategy: normal, platformName: windows, proxy: Proxy(), se:cdp: ws://localhost:54239/devtoo..., se:cdpVersion: 121.0.6167.185, setWindowRect: true, strictFileInteractability: false, timeouts: {implicit: 0, pageLoad: 300000, script: 30000}, unhandledPromptBehavior: dismiss and notify, webauthn:extension:credBlob: true, webauthn:extension:largeBlob: true, webauthn:extension:minPinLength: true, webauthn:extension:prf: true, webauthn:virtualAuthenticators: true}
Element: [[ChromeDriver: chrome on windows (7671ffd726fa9f76720bd4be2f9ca180)] -> xpath: (//h4[.='Schemes List']/ancestor::div[@class='card-header']//td[.='Scheme8861216']/following-sibling::td/button[.=' Info '])[1]]
Session ID: 7671ffd726fa9f76720bd4be2f9ca180
at org.openqa.selenium.remote.codec.w3c.W3CHttpResponseCodec.createException(W3CHttpResponseCodec.java:200)
at org.openqa.selenium.remote.codec.w3c.W3CHttpResponseCodec.decode(W3CHttpResponseCodec.java:133)
at org.openqa.selenium.remote.codec.w3c.W3CHttpResponseCodec.decode(W3CHttpResponseCodec.java:52)
at org.openqa.selenium.remote.HttpCommandExecutor.execute(HttpCommandExecutor.java:191)
at org.openqa.selenium.remote.service.DriverCommandExecutor.invokeExecute(DriverCommandExecutor.java:200)
at org.openqa.selenium.remote.service.DriverCommandExecutor.execute(DriverCommandExecutor.java:175)
at org.openqa.selenium.remote.RemoteWebDriver.execute(RemoteWebDriver.java:602)
at org.openqa.selenium.remote.RemoteWebElement.execute(RemoteWebElement.java:224)
at org.openqa.selenium.remote.RemoteWebElement.click(RemoteWebElement.java:77)
at sprint_2_Negative.aSprint_2_LoginLogout_Demo_FMS.a22_actionInfoSchemeFaqAddingWithoutGivingDataPageStaticErrorTest(aSprint_2_LoginLogout_Demo_FMS.java:1983)
at java.base/java.util.ArrayList.forEach(ArrayList.java:1511)
at java.base/java.util.concurrent.FutureTask.run(FutureTask.java:264)
at java.base/java.util.concurrent.ThreadPoolExecutor.runWorker(ThreadPoolExecutor.java:1136)
at java.base/java.util.concurrent.ThreadPoolExecutor$Worker.run(ThreadPoolExecutor.java:635)
at java.base/java.lang.Thread.run(Thread.java:833)
... Removed 18 stack frames]]>
    </failure>
  </testcase> <!-- a22_actionInfoSchemeFaqAddingWithoutGivingDataPageStaticErrorTest -->
  <testcase classname="sprint_2_Negative.aSprint_2_LoginLogout_Demo_FMS" name="a23_schemeCreatingWithoutGivingSchemeNameErrorTest" time="38.356"/>
  <testcase classname="sprint_2_Negative.aSprint_2_LoginLogout_Demo_FMS" name="a24_loginWithoutGivingEmailAndPasswordErrorTest" time="21.172">
    <failure type="org.openqa.selenium.NoSuchElementException" message="no such element: Unable to locate element: {&amp;quot;method&amp;quot;:&amp;quot;xpath&amp;quot;,&amp;quot;selector&amp;quot;:&amp;quot;a&amp;quot;}
  (Session info: chrome=121.0.6167.185)
For documentation on this error, please visit: https://www.selenium.dev/documentation/webdriver/troubleshooting/errors#no-such-element-exception
Build info: version: &amp;apos;4.14.1&amp;apos;, revision: &amp;apos;03f8ede370&amp;apos;
System info: os.name: &amp;apos;Windows 11&amp;apos;, os.arch: &amp;apos;amd64&amp;apos;, os.version: &amp;apos;10.0&amp;apos;, java.version: &amp;apos;18.0.1.1&amp;apos;
Driver info: org.openqa.selenium.chrome.ChromeDriver
Command: [461575c1ed027dd4752aeacb19e8c4dc, findElement {using=xpath, value=a}]
Capabilities {acceptInsecureCerts: false, browserName: chrome, browserVersion: 121.0.6167.185, chrome: {chromedriverVersion: 121.0.6167.184 (057a8ae7deb..., userDataDir: C:\WINDOWS\TEMP\scoped_dir2...}, fedcm:accounts: true, goog:chromeOptions: {debuggerAddress: localhost:54376}, networkConnectionEnabled: false, pageLoadStrategy: normal, platformName: windows, proxy: Proxy(), se:cdp: ws://localhost:54376/devtoo..., se:cdpVersion: 121.0.6167.185, setWindowRect: true, strictFileInteractability: false, timeouts: {implicit: 0, pageLoad: 300000, script: 30000}, unhandledPromptBehavior: dismiss and notify, webauthn:extension:credBlob: true, webauthn:extension:largeBlob: true, webauthn:extension:minPinLength: true, webauthn:extension:prf: true, webauthn:virtualAuthenticators: true}
Session ID: 461575c1ed027dd4752aeacb19e8c4dc">
      <![CDATA[org.openqa.selenium.NoSuchElementException: no such element: Unable to locate element: {"method":"xpath","selector":"a"}
  (Session info: chrome=121.0.6167.185)
For documentation on this error, please visit: https://www.selenium.dev/documentation/webdriver/troubleshooting/errors#no-such-element-exception
Build info: version: '4.14.1', revision: '03f8ede370'
System info: os.name: 'Windows 11', os.arch: 'amd64', os.version: '10.0', java.version: '18.0.1.1'
Driver info: org.openqa.selenium.chrome.ChromeDriver
Command: [461575c1ed027dd4752aeacb19e8c4dc, findElement {using=xpath, value=a}]
Capabilities {acceptInsecureCerts: false, browserName: chrome, browserVersion: 121.0.6167.185, chrome: {chromedriverVersion: 121.0.6167.184 (057a8ae7deb..., userDataDir: C:\WINDOWS\TEMP\scoped_dir2...}, fedcm:accounts: true, goog:chromeOptions: {debuggerAddress: localhost:54376}, networkConnectionEnabled: false, pageLoadStrategy: normal, platformName: windows, proxy: Proxy(), se:cdp: ws://localhost:54376/devtoo..., se:cdpVersion: 121.0.6167.185, setWindowRect: true, strictFileInteractability: false, timeouts: {implicit: 0, pageLoad: 300000, script: 30000}, unhandledPromptBehavior: dismiss and notify, webauthn:extension:credBlob: true, webauthn:extension:largeBlob: true, webauthn:extension:minPinLength: true, webauthn:extension:prf: true, webauthn:virtualAuthenticators: true}
Session ID: 461575c1ed027dd4752aeacb19e8c4dc
at org.openqa.selenium.remote.codec.w3c.W3CHttpResponseCodec.createException(W3CHttpResponseCodec.java:200)
at org.openqa.selenium.remote.codec.w3c.W3CHttpResponseCodec.decode(W3CHttpResponseCodec.java:133)
at org.openqa.selenium.remote.codec.w3c.W3CHttpResponseCodec.decode(W3CHttpResponseCodec.java:52)
at org.openqa.selenium.remote.HttpCommandExecutor.execute(HttpCommandExecutor.java:191)
at org.openqa.selenium.remote.service.DriverCommandExecutor.invokeExecute(DriverCommandExecutor.java:200)
at org.openqa.selenium.remote.service.DriverCommandExecutor.execute(DriverCommandExecutor.java:175)
at org.openqa.selenium.remote.RemoteWebDriver.execute(RemoteWebDriver.java:602)
at org.openqa.selenium.remote.ElementLocation$ElementFinder$2.findElement(ElementLocation.java:165)
at org.openqa.selenium.remote.ElementLocation.findElement(ElementLocation.java:59)
at org.openqa.selenium.remote.RemoteWebDriver.findElement(RemoteWebDriver.java:359)
at org.openqa.selenium.remote.RemoteWebDriver.findElement(RemoteWebDriver.java:353)
at sprint_2_Negative.aSprint_2_LoginLogout_Demo_FMS.a24_loginWithoutGivingEmailAndPasswordErrorTest(aSprint_2_LoginLogout_Demo_FMS.java:2155)
at java.base/java.util.ArrayList.forEach(ArrayList.java:1511)
at java.base/java.util.concurrent.FutureTask.run(FutureTask.java:264)
at java.base/java.util.concurrent.ThreadPoolExecutor.runWorker(ThreadPoolExecutor.java:1136)
at java.base/java.util.concurrent.ThreadPoolExecutor$Worker.run(ThreadPoolExecutor.java:635)
at java.base/java.lang.Thread.run(Thread.java:833)
... Removed 18 stack frames]]>
    </failure>
  </testcase> <!-- a24_loginWithoutGivingEmailAndPasswordErrorTest -->
  <testcase classname="sprint_2_Negative.aSprint_2_LoginLogout_Demo_FMS" name="a25_loginWithoutGivingEmailErrorTest" time="20.014">
    <failure type="org.openqa.selenium.NoSuchElementException" message="no such element: Unable to locate element: {&amp;quot;method&amp;quot;:&amp;quot;xpath&amp;quot;,&amp;quot;selector&amp;quot;:&amp;quot;a&amp;quot;}
  (Session info: chrome=121.0.6167.185)
For documentation on this error, please visit: https://www.selenium.dev/documentation/webdriver/troubleshooting/errors#no-such-element-exception
Build info: version: &amp;apos;4.14.1&amp;apos;, revision: &amp;apos;03f8ede370&amp;apos;
System info: os.name: &amp;apos;Windows 11&amp;apos;, os.arch: &amp;apos;amd64&amp;apos;, os.version: &amp;apos;10.0&amp;apos;, java.version: &amp;apos;18.0.1.1&amp;apos;
Driver info: org.openqa.selenium.chrome.ChromeDriver
Command: [14375ddcd18c7bc1c7a4a7120e066f55, findElement {using=xpath, value=a}]
Capabilities {acceptInsecureCerts: false, browserName: chrome, browserVersion: 121.0.6167.185, chrome: {chromedriverVersion: 121.0.6167.184 (057a8ae7deb..., userDataDir: C:\WINDOWS\TEMP\scoped_dir2...}, fedcm:accounts: true, goog:chromeOptions: {debuggerAddress: localhost:54425}, networkConnectionEnabled: false, pageLoadStrategy: normal, platformName: windows, proxy: Proxy(), se:cdp: ws://localhost:54425/devtoo..., se:cdpVersion: 121.0.6167.185, setWindowRect: true, strictFileInteractability: false, timeouts: {implicit: 0, pageLoad: 300000, script: 30000}, unhandledPromptBehavior: dismiss and notify, webauthn:extension:credBlob: true, webauthn:extension:largeBlob: true, webauthn:extension:minPinLength: true, webauthn:extension:prf: true, webauthn:virtualAuthenticators: true}
Session ID: 14375ddcd18c7bc1c7a4a7120e066f55">
      <![CDATA[org.openqa.selenium.NoSuchElementException: no such element: Unable to locate element: {"method":"xpath","selector":"a"}
  (Session info: chrome=121.0.6167.185)
For documentation on this error, please visit: https://www.selenium.dev/documentation/webdriver/troubleshooting/errors#no-such-element-exception
Build info: version: '4.14.1', revision: '03f8ede370'
System info: os.name: 'Windows 11', os.arch: 'amd64', os.version: '10.0', java.version: '18.0.1.1'
Driver info: org.openqa.selenium.chrome.ChromeDriver
Command: [14375ddcd18c7bc1c7a4a7120e066f55, findElement {using=xpath, value=a}]
Capabilities {acceptInsecureCerts: false, browserName: chrome, browserVersion: 121.0.6167.185, chrome: {chromedriverVersion: 121.0.6167.184 (057a8ae7deb..., userDataDir: C:\WINDOWS\TEMP\scoped_dir2...}, fedcm:accounts: true, goog:chromeOptions: {debuggerAddress: localhost:54425}, networkConnectionEnabled: false, pageLoadStrategy: normal, platformName: windows, proxy: Proxy(), se:cdp: ws://localhost:54425/devtoo..., se:cdpVersion: 121.0.6167.185, setWindowRect: true, strictFileInteractability: false, timeouts: {implicit: 0, pageLoad: 300000, script: 30000}, unhandledPromptBehavior: dismiss and notify, webauthn:extension:credBlob: true, webauthn:extension:largeBlob: true, webauthn:extension:minPinLength: true, webauthn:extension:prf: true, webauthn:virtualAuthenticators: true}
Session ID: 14375ddcd18c7bc1c7a4a7120e066f55
at org.openqa.selenium.remote.codec.w3c.W3CHttpResponseCodec.createException(W3CHttpResponseCodec.java:200)
at org.openqa.selenium.remote.codec.w3c.W3CHttpResponseCodec.decode(W3CHttpResponseCodec.java:133)
at org.openqa.selenium.remote.codec.w3c.W3CHttpResponseCodec.decode(W3CHttpResponseCodec.java:52)
at org.openqa.selenium.remote.HttpCommandExecutor.execute(HttpCommandExecutor.java:191)
at org.openqa.selenium.remote.service.DriverCommandExecutor.invokeExecute(DriverCommandExecutor.java:200)
at org.openqa.selenium.remote.service.DriverCommandExecutor.execute(DriverCommandExecutor.java:175)
at org.openqa.selenium.remote.RemoteWebDriver.execute(RemoteWebDriver.java:602)
at org.openqa.selenium.remote.ElementLocation$ElementFinder$2.findElement(ElementLocation.java:165)
at org.openqa.selenium.remote.ElementLocation.findElement(ElementLocation.java:59)
at org.openqa.selenium.remote.RemoteWebDriver.findElement(RemoteWebDriver.java:359)
at org.openqa.selenium.remote.RemoteWebDriver.findElement(RemoteWebDriver.java:353)
at sprint_2_Negative.aSprint_2_LoginLogout_Demo_FMS.a25_loginWithoutGivingEmailErrorTest(aSprint_2_LoginLogout_Demo_FMS.java:2180)
at java.base/java.util.ArrayList.forEach(ArrayList.java:1511)
at java.base/java.util.concurrent.FutureTask.run(FutureTask.java:264)
at java.base/java.util.concurrent.ThreadPoolExecutor.runWorker(ThreadPoolExecutor.java:1136)
at java.base/java.util.concurrent.ThreadPoolExecutor$Worker.run(ThreadPoolExecutor.java:635)
at java.base/java.lang.Thread.run(Thread.java:833)
... Removed 18 stack frames]]>
    </failure>
  </testcase> <!-- a25_loginWithoutGivingEmailErrorTest -->
  <testcase classname="sprint_2_Negative.aSprint_2_LoginLogout_Demo_FMS" name="a26_loginWithoutGivingPasswordErrorTest" time="21.719">
    <failure type="org.openqa.selenium.NoSuchElementException" message="no such element: Unable to locate element: {&amp;quot;method&amp;quot;:&amp;quot;xpath&amp;quot;,&amp;quot;selector&amp;quot;:&amp;quot;a&amp;quot;}
  (Session info: chrome=121.0.6167.185)
For documentation on this error, please visit: https://www.selenium.dev/documentation/webdriver/troubleshooting/errors#no-such-element-exception
Build info: version: &amp;apos;4.14.1&amp;apos;, revision: &amp;apos;03f8ede370&amp;apos;
System info: os.name: &amp;apos;Windows 11&amp;apos;, os.arch: &amp;apos;amd64&amp;apos;, os.version: &amp;apos;10.0&amp;apos;, java.version: &amp;apos;18.0.1.1&amp;apos;
Driver info: org.openqa.selenium.chrome.ChromeDriver
Command: [eb5fdeebefa990d49467c4e7704dd126, findElement {using=xpath, value=a}]
Capabilities {acceptInsecureCerts: false, browserName: chrome, browserVersion: 121.0.6167.185, chrome: {chromedriverVersion: 121.0.6167.184 (057a8ae7deb..., userDataDir: C:\WINDOWS\TEMP\scoped_dir6...}, fedcm:accounts: true, goog:chromeOptions: {debuggerAddress: localhost:54472}, networkConnectionEnabled: false, pageLoadStrategy: normal, platformName: windows, proxy: Proxy(), se:cdp: ws://localhost:54472/devtoo..., se:cdpVersion: 121.0.6167.185, setWindowRect: true, strictFileInteractability: false, timeouts: {implicit: 0, pageLoad: 300000, script: 30000}, unhandledPromptBehavior: dismiss and notify, webauthn:extension:credBlob: true, webauthn:extension:largeBlob: true, webauthn:extension:minPinLength: true, webauthn:extension:prf: true, webauthn:virtualAuthenticators: true}
Session ID: eb5fdeebefa990d49467c4e7704dd126">
      <![CDATA[org.openqa.selenium.NoSuchElementException: no such element: Unable to locate element: {"method":"xpath","selector":"a"}
  (Session info: chrome=121.0.6167.185)
For documentation on this error, please visit: https://www.selenium.dev/documentation/webdriver/troubleshooting/errors#no-such-element-exception
Build info: version: '4.14.1', revision: '03f8ede370'
System info: os.name: 'Windows 11', os.arch: 'amd64', os.version: '10.0', java.version: '18.0.1.1'
Driver info: org.openqa.selenium.chrome.ChromeDriver
Command: [eb5fdeebefa990d49467c4e7704dd126, findElement {using=xpath, value=a}]
Capabilities {acceptInsecureCerts: false, browserName: chrome, browserVersion: 121.0.6167.185, chrome: {chromedriverVersion: 121.0.6167.184 (057a8ae7deb..., userDataDir: C:\WINDOWS\TEMP\scoped_dir6...}, fedcm:accounts: true, goog:chromeOptions: {debuggerAddress: localhost:54472}, networkConnectionEnabled: false, pageLoadStrategy: normal, platformName: windows, proxy: Proxy(), se:cdp: ws://localhost:54472/devtoo..., se:cdpVersion: 121.0.6167.185, setWindowRect: true, strictFileInteractability: false, timeouts: {implicit: 0, pageLoad: 300000, script: 30000}, unhandledPromptBehavior: dismiss and notify, webauthn:extension:credBlob: true, webauthn:extension:largeBlob: true, webauthn:extension:minPinLength: true, webauthn:extension:prf: true, webauthn:virtualAuthenticators: true}
Session ID: eb5fdeebefa990d49467c4e7704dd126
at org.openqa.selenium.remote.codec.w3c.W3CHttpResponseCodec.createException(W3CHttpResponseCodec.java:200)
at org.openqa.selenium.remote.codec.w3c.W3CHttpResponseCodec.decode(W3CHttpResponseCodec.java:133)
at org.openqa.selenium.remote.codec.w3c.W3CHttpResponseCodec.decode(W3CHttpResponseCodec.java:52)
at org.openqa.selenium.remote.HttpCommandExecutor.execute(HttpCommandExecutor.java:191)
at org.openqa.selenium.remote.service.DriverCommandExecutor.invokeExecute(DriverCommandExecutor.java:200)
at org.openqa.selenium.remote.service.DriverCommandExecutor.execute(DriverCommandExecutor.java:175)
at org.openqa.selenium.remote.RemoteWebDriver.execute(RemoteWebDriver.java:602)
at org.openqa.selenium.remote.ElementLocation$ElementFinder$2.findElement(ElementLocation.java:165)
at org.openqa.selenium.remote.ElementLocation.findElement(ElementLocation.java:59)
at org.openqa.selenium.remote.RemoteWebDriver.findElement(RemoteWebDriver.java:359)
at org.openqa.selenium.remote.RemoteWebDriver.findElement(RemoteWebDriver.java:353)
at sprint_2_Negative.aSprint_2_LoginLogout_Demo_FMS.a26_loginWithoutGivingPasswordErrorTest(aSprint_2_LoginLogout_Demo_FMS.java:2205)
at java.base/java.util.ArrayList.forEach(ArrayList.java:1511)
at java.base/java.util.concurrent.FutureTask.run(FutureTask.java:264)
at java.base/java.util.concurrent.ThreadPoolExecutor.runWorker(ThreadPoolExecutor.java:1136)
at java.base/java.util.concurrent.ThreadPoolExecutor$Worker.run(ThreadPoolExecutor.java:635)
at java.base/java.lang.Thread.run(Thread.java:833)
... Removed 18 stack frames]]>
    </failure>
  </testcase> <!-- a26_loginWithoutGivingPasswordErrorTest -->
  <testcase classname="sprint_2_Negative.aSprint_2_LoginLogout_Demo_FMS" name="a27_loginByGivingEmailAsPwdAndPasswordAsEmailErrorTest" time="21.688">
    <failure type="org.openqa.selenium.NoSuchElementException" message="no such element: Unable to locate element: {&amp;quot;method&amp;quot;:&amp;quot;xpath&amp;quot;,&amp;quot;selector&amp;quot;:&amp;quot;a&amp;quot;}
  (Session info: chrome=121.0.6167.185)
For documentation on this error, please visit: https://www.selenium.dev/documentation/webdriver/troubleshooting/errors#no-such-element-exception
Build info: version: &amp;apos;4.14.1&amp;apos;, revision: &amp;apos;03f8ede370&amp;apos;
System info: os.name: &amp;apos;Windows 11&amp;apos;, os.arch: &amp;apos;amd64&amp;apos;, os.version: &amp;apos;10.0&amp;apos;, java.version: &amp;apos;18.0.1.1&amp;apos;
Driver info: org.openqa.selenium.chrome.ChromeDriver
Command: [378c850bfb16cf59d503d7cf59c88051, findElement {using=xpath, value=a}]
Capabilities {acceptInsecureCerts: false, browserName: chrome, browserVersion: 121.0.6167.185, chrome: {chromedriverVersion: 121.0.6167.184 (057a8ae7deb..., userDataDir: C:\WINDOWS\TEMP\scoped_dir1...}, fedcm:accounts: true, goog:chromeOptions: {debuggerAddress: localhost:54515}, networkConnectionEnabled: false, pageLoadStrategy: normal, platformName: windows, proxy: Proxy(), se:cdp: ws://localhost:54515/devtoo..., se:cdpVersion: 121.0.6167.185, setWindowRect: true, strictFileInteractability: false, timeouts: {implicit: 0, pageLoad: 300000, script: 30000}, unhandledPromptBehavior: dismiss and notify, webauthn:extension:credBlob: true, webauthn:extension:largeBlob: true, webauthn:extension:minPinLength: true, webauthn:extension:prf: true, webauthn:virtualAuthenticators: true}
Session ID: 378c850bfb16cf59d503d7cf59c88051">
      <![CDATA[org.openqa.selenium.NoSuchElementException: no such element: Unable to locate element: {"method":"xpath","selector":"a"}
  (Session info: chrome=121.0.6167.185)
[...]
  (Session info: chrome=121.0.6167.185)
For documentation on this error, please visit: https://www.selenium.dev/documentation/webdriver/troubleshooting/errors#no-such-element-exception
Build info: version: &amp;apos;4.14.1&amp;apos;, revision: &amp;apos;03f8ede370&amp;apos;
System info: os.name: &amp;apos;Windows 11&amp;apos;, os.arch: &amp;apos;amd64&amp;apos;, os.version: &amp;apos;10.0&amp;apos;, java.version: &amp;apos;18.0.1.1&amp;apos;
Driver info: org.openqa.selenium.chrome.ChromeDriver
Command: [d0831eaed2c2651609fd0516f0a56474, findElement {using=xpath, value=a}]
Capabilities {acceptInsecureCerts: false, browserName: chrome, browserVersion: 121.0.6167.185, chrome: {chromedriverVersion: 121.0.6167.184 (057a8ae7deb..., userDataDir: C:\WINDOWS\TEMP\scoped_dir3...}, fedcm:accounts: true, goog:chromeOptions: {debuggerAddress: localhost:54894}, networkConnectionEnabled: false, pageLoadStrategy: normal, platformName: windows, proxy: Proxy(), se:cdp: ws://localhost:54894/devtoo..., se:cdpVersion: 121.0.6167.185, setWindowRect: true, strictFileInteractability: false, timeouts: {implicit: 0, pageLoad: 300000, script: 30000}, unhandledPromptBehavior: dismiss and notify, webauthn:extension:credBlob: true, webauthn:extension:largeBlob: true, webauthn:extension:minPinLength: true, webauthn:extension:prf: true, webauthn:virtualAuthenticators: true}
Session ID: d0831eaed2c2651609fd0516f0a56474">
      <![CDATA[org.openqa.selenium.NoSuchElementException: no such element: Unable to locate element: {"method":"xpath","selector":"a"}
  (Session info: chrome=121.0.6167.185)
For documentation on this error, please visit: https://www.selenium.dev/documentation/webdriver/troubleshooting/errors#no-such-element-exception
Build info: version: '4.14.1', revision: '03f8ede370'
System info: os.name: 'Windows 11', os.arch: 'amd64', os.version: '10.0', java.version: '18.0.1.1'
Driver info: org.openqa.selenium.chrome.ChromeDriver
Command: [d0831eaed2c2651609fd0516f0a56474, findElement {using=xpath, value=a}]
Capabilities {acceptInsecureCerts: false, browserName: chrome, browserVersion: 121.0.6167.185, chrome: {chromedriverVersion: 121.0.6167.184 (057a8ae7deb..., userDataDir: C:\WINDOWS\TEMP\scoped_dir3...}, fedcm:accounts: true, goog:chromeOptions: {debuggerAddress: localhost:54894}, networkConnectionEnabled: false, pageLoadStrategy: normal, platformName: windows, proxy: Proxy(), se:cdp: ws://localhost:54894/devtoo..., se:cdpVersion: 121.0.6167.185, setWindowRect: true, strictFileInteractability: false, timeouts: {implicit: 0, pageLoad: 300000, script: 30000}, unhandledPromptBehavior: dismiss and notify, webauthn:extension:credBlob: true, webauthn:extension:largeBlob: true, webauthn:extension:minPinLength: true, webauthn:extension:prf: true, webauthn:virtualAuthenticators: true}
Session ID: d0831eaed2c2651609fd0516f0a56474
at org.openqa.selenium.remote.codec.w3c.W3CHttpResponseCodec.createException(W3CHttpResponseCodec.java:200)
at org.openqa.selenium.remote.codec.w3c.W3CHttpResponseCodec.decode(W3CHttpResponseCodec.java:133)
at org.openqa.selenium.remote.codec.w3c.W3CHttpResponseCodec.decode(W3CHttpResponseCodec.java:52)
at org.openqa.selenium.remote.HttpCommandExecutor.execute(HttpCommandExecutor.java:191)
at org.openqa.selenium.remote.service.DriverCommandExecutor.invokeExecute(DriverCommandExecutor.java:200)
at org.openqa.selenium.remote.service.DriverCommandExecutor.execute(DriverCommandExecutor.java:175)
at org.openqa.selenium.remote.RemoteWebDriver.execute(RemoteWebDriver.java:602)
at org.openqa.selenium.remote.ElementLocation$ElementFinder$2.findElement(ElementLocation.java:165)
at org.openqa.selenium.remote.ElementLocation.findElement(ElementLocation.java:59)
at org.openqa.selenium.remote.RemoteWebDriver.findElement(RemoteWebDriver.java:359)
at org.openqa.selenium.remote.RemoteWebDriver.findElement(RemoteWebDriver.java:353)
at sprint_2_Negative.aSprint_2_LoginLogout_Demo_FMS.a32_clickingOnPayNowBtnWithOutSelectingPaymentModeTest(aSprint_2_LoginLogout_Demo_FMS.java:2663)
at java.base/java.util.ArrayList.forEach(ArrayList.java:1511)
at java.base/java.util.concurrent.FutureTask.run(FutureTask.java:264)
at java.base/java.util.concurrent.ThreadPoolExecutor.runWorker(ThreadPoolExecutor.java:1136)
at java.base/java.util.concurrent.ThreadPoolExecutor$Worker.run(ThreadPoolExecutor.java:635)
at java.base/java.lang.Thread.run(Thread.java:833)
... Removed 18 stack frames]]>
    </failure>
  </testcase> <!-- a32_clickingOnPayNowBtnWithOutSelectingPaymentModeTest -->
  <testcase classname="sprint_2_Negative.aSprint_2_LoginLogout_Demo_FMS" name="a33_clickingOnUPIorQRAndClickOnUpiIdOrMobileNumberCheckBoxErrorTest" time="64.981">
    <failure type="org.openqa.selenium.NoSuchElementException" message="no such element: Unable to locate element: {&amp;quot;method&amp;quot;:&amp;quot;xpath&amp;quot;,&amp;quot;selector&amp;quot;:&amp;quot;a&amp;quot;}
  (Session info: chrome=121.0.6167.185)
For documentation on this error, please visit: https://www.selenium.dev/documentation/webdriver/troubleshooting/errors#no-such-element-exception
Build info: version: &amp;apos;4.14.1&amp;apos;, revision: &amp;apos;03f8ede370&amp;apos;
System info: os.name: &amp;apos;Windows 11&amp;apos;, os.arch: &amp;apos;amd64&amp;apos;, os.version: &amp;apos;10.0&amp;apos;, java.version: &amp;apos;18.0.1.1&amp;apos;
Driver info: org.openqa.selenium.chrome.ChromeDriver
Command: [fd26e9b69bcdf9e2155a3f5c24af815a, findElement {using=xpath, value=a}]
Capabilities {acceptInsecureCerts: false, browserName: chrome, browserVersion: 121.0.6167.185, chrome: {chromedriverVersion: 121.0.6167.184 (057a8ae7deb..., userDataDir: C:\WINDOWS\TEMP\scoped_dir3...}, fedcm:accounts: true, goog:chromeOptions: {debuggerAddress: localhost:54990}, networkConnectionEnabled: false, pageLoadStrategy: normal, platformName: windows, proxy: Proxy(), se:cdp: ws://localhost:54990/devtoo..., se:cdpVersion: 121.0.6167.185, setWindowRect: true, strictFileInteractability: false, timeouts: {implicit: 0, pageLoad: 300000, script: 30000}, unhandledPromptBehavior: dismiss and notify, webauthn:extension:credBlob: true, webauthn:extension:largeBlob: true, webauthn:extension:minPinLength: true, webauthn:extension:prf: true, webauthn:virtualAuthenticators: true}
Session ID: fd26e9b69bcdf9e2155a3f5c24af815a">
      <![CDATA[org.openqa.selenium.NoSuchElementException: no such element: Unable to locate element: {"method":"xpath","selector":"a"}
  (Session info: chrome=121.0.6167.185)
For documentation on this error, please visit: https://www.selenium.dev/documentation/webdriver/troubleshooting/errors#no-such-element-exception
Build info: version: '4.14.1', revision: '03f8ede370'
System info: os.name: 'Windows 11', os.arch: 'amd64', os.version: '10.0', java.version: '18.0.1.1'
Driver info: org.openqa.selenium.chrome.ChromeDriver
Command: [fd26e9b69bcdf9e2155a3f5c24af815a, findElement {using=xpath, value=a}]
Capabilities {acceptInsecureCerts: false, browserName: chrome, browserVersion: 121.0.6167.185, chrome: {chromedriverVersion: 121.0.6167.184 (057a8ae7deb..., userDataDir: C:\WINDOWS\TEMP\scoped_dir3...}, fedcm:accounts: true, goog:chromeOptions: {debuggerAddress: localhost:54990}, networkConnectionEnabled: false, pageLoadStrategy: normal, platformName: windows, proxy: Proxy(), se:cdp: ws://localhost:54990/devtoo..., se:cdpVersion: 121.0.6167.185, setWindowRect: true, strictFileInteractability: false, timeouts: {implicit: 0, pageLoad: 300000, script: 30000}, unhandledPromptBehavior: dismiss and notify, webauthn:extension:credBlob: true, webauthn:extension:largeBlob: true, webauthn:extension:minPinLength: true, webauthn:extension:prf: true, webauthn:virtualAuthenticators: true}
Session ID: fd26e9b69bcdf9e2155a3f5c24af815a
at org.openqa.selenium.remote.codec.w3c.W3CHttpResponseCodec.createException(W3CHttpResponseCodec.java:200)
at org.openqa.selenium.remote.codec.w3c.W3CHttpResponseCodec.decode(W3CHttpResponseCodec.java:133)
at org.openqa.selenium.remote.codec.w3c.W3CHttpResponseCodec.decode(W3CHttpResponseCodec.java:52)
at org.openqa.selenium.remote.HttpCommandExecutor.execute(HttpCommandExecutor.java:191)
at org.openqa.selenium.remote.service.DriverCommandExecutor.invokeExecute(DriverCommandExecutor.java:200)
at org.openqa.selenium.remote.service.DriverCommandExecutor.execute(DriverCommandExecutor.java:175)
at org.openqa.selenium.remote.RemoteWebDriver.execute(RemoteWebDriver.java:602)
at org.openqa.selenium.remote.ElementLocation$ElementFinder$2.findElement(ElementLocation.java:165)
at org.openqa.selenium.remote.ElementLocation.findElement(ElementLocation.java:59)
at org.openqa.selenium.remote.RemoteWebDriver.findElement(RemoteWebDriver.java:359)
at org.openqa.selenium.remote.RemoteWebDriver.findElement(RemoteWebDriver.java:353)
at sprint_2_Negative.aSprint_2_LoginLogout_Demo_FMS.a33_clickingOnUPIorQRAndClickOnUpiIdOrMobileNumberCheckBoxErrorTest(aSprint_2_LoginLogout_Demo_FMS.java:2779)
at java.base/java.util.ArrayList.forEach(ArrayList.java:1511)
at java.base/java.util.concurrent.FutureTask.run(FutureTask.java:264)
at java.base/java.util.concurrent.ThreadPoolExecutor.runWorker(ThreadPoolExecutor.java:1136)
at java.base/java.util.concurrent.ThreadPoolExecutor$Worker.run(ThreadPoolExecutor.java:635)
at java.base/java.lang.Thread.run(Thread.java:833)
... Removed 18 stack frames]]>
    </failure>
  </testcase> <!-- a33_clickingOnUPIorQRAndClickOnUpiIdOrMobileNumberCheckBoxErrorTest -->
  <testcase classname="sprint_2_Negative.aSprint_2_LoginLogout_Demo_FMS" name="a34_whileSubscribingSchemeClickOnTheFailureButtonInTheRazorPayPagePaymentShouldPassErrorTest" time="72.315">
    <failure type="org.openqa.selenium.NoSuchElementException" message="no such element: Unable to locate element: {&amp;quot;method&amp;quot;:&amp;quot;xpath&amp;quot;,&amp;quot;selector&amp;quot;:&amp;quot;a&amp;quot;}
  (Session info: chrome=121.0.6167.185)
For documentation on this error, please visit: https://www.selenium.dev/documentation/webdriver/troubleshooting/errors#no-such-element-exception
Build info: version: &amp;apos;4.14.1&amp;apos;, revision: &amp;apos;03f8ede370&amp;apos;
System info: os.name: &amp;apos;Windows 11&amp;apos;, os.arch: &amp;apos;amd64&amp;apos;, os.version: &amp;apos;10.0&amp;apos;, java.version: &amp;apos;18.0.1.1&amp;apos;
Driver info: org.openqa.selenium.chrome.ChromeDriver
Command: [e0143372fc4fb659cd58458c771a8a57, findElement {using=xpath, value=a}]
Capabilities {acceptInsecureCerts: false, browserName: chrome, browserVersion: 121.0.6167.185, chrome: {chromedriverVersion: 121.0.6167.184 (057a8ae7deb..., userDataDir: C:\WINDOWS\TEMP\scoped_dir1...}, fedcm:accounts: true, goog:chromeOptions: {debuggerAddress: localhost:55092}, networkConnectionEnabled: false, pageLoadStrategy: normal, platformName: windows, proxy: Proxy(), se:cdp: ws://localhost:55092/devtoo..., se:cdpVersion: 121.0.6167.185, setWindowRect: true, strictFileInteractability: false, timeouts: {implicit: 0, pageLoad: 300000, script: 30000}, unhandledPromptBehavior: dismiss and notify, webauthn:extension:credBlob: true, webauthn:extension:largeBlob: true, webauthn:extension:minPinLength: true, webauthn:extension:prf: true, webauthn:virtualAuthenticators: true}
Session ID: e0143372fc4fb659cd58458c771a8a57">
      <![CDATA[org.openqa.selenium.NoSuchElementException: no such element: Unable to locate element: {"method":"xpath","selector":"a"}
  (Session info: chrome=121.0.6167.185)
For documentation on this error, please visit: https://www.selenium.dev/documentation/webdriver/troubleshooting/errors#no-such-element-exception
Build info: version: '4.14.1', revision: '03f8ede370'
System info: os.name: 'Windows 11', os.arch: 'amd64', os.version: '10.0', java.version: '18.0.1.1'
Driver info: org.openqa.selenium.chrome.ChromeDriver
Command: [e0143372fc4fb659cd58458c771a8a57, findElement {using=xpath, value=a}]
Capabilities {acceptInsecureCerts: false, browserName: chrome, browserVersion: 121.0.6167.185, chrome: {chromedriverVersion: 121.0.6167.184 (057a8ae7deb..., userDataDir: C:\WINDOWS\TEMP\scoped_dir1...}, fedcm:accounts: true, goog:chromeOptions: {debuggerAddress: localhost:55092}, networkConnectionEnabled: false, pageLoadStrategy: normal, platformName: windows, proxy: Proxy(), se:cdp: ws://localhost:55092/devtoo..., se:cdpVersion: 121.0.6167.185, setWindowRect: true, strictFileInteractability: false, timeouts: {implicit: 0, pageLoad: 300000, script: 30000}, unhandledPromptBehavior: dismiss and notify, webauthn:extension:credBlob: true, webauthn:extension:largeBlob: true, webauthn:extension:minPinLength: true, webauthn:extension:prf: true, webauthn:virtualAuthenticators: true}
Session ID: e0143372fc4fb659cd58458c771a8a57
at org.openqa.selenium.remote.codec.w3c.W3CHttpResponseCodec.createException(W3CHttpResponseCodec.java:200)
at org.openqa.selenium.remote.codec.w3c.W3CHttpResponseCodec.decode(W3CHttpResponseCodec.java:133)
at org.openqa.selenium.remote.codec.w3c.W3CHttpResponseCodec.decode(W3CHttpResponseCodec.java:52)
at org.openqa.selenium.remote.HttpCommandExecutor.execute(HttpCommandExecutor.java:191)
at org.openqa.selenium.remote.service.DriverCommandExecutor.invokeExecute(DriverCommandExecutor.java:200)
at org.openqa.selenium.remote.service.DriverCommandExecutor.execute(DriverCommandExecutor.java:175)
at org.openqa.selenium.remote.RemoteWebDriver.execute(RemoteWebDriver.java:602)
at org.openqa.selenium.remote.ElementLocation$ElementFinder$2.findElement(ElementLocation.java:165)
at org.openqa.selenium.remote.ElementLocation.findElement(ElementLocation.java:59)
at org.openqa.selenium.remote.RemoteWebDriver.findElement(RemoteWebDriver.java:359)
at org.openqa.selenium.remote.RemoteWebDriver.findElement(RemoteWebDriver.java:353)
at sprint_2_Negative.aSprint_2_LoginLogout_Demo_FMS.a34_whileSubscribingSchemeClickOnTheFailureButtonInTheRazorPayPagePaymentShouldPassErrorTest(aSprint_2_LoginLogout_Demo_FMS.java:2913)
at java.base/java.util.ArrayList.forEach(ArrayList.java:1511)
at java.base/java.util.concurrent.FutureTask.run(FutureTask.java:264)
at java.base/java.util.concurrent.ThreadPoolExecutor.runWorker(ThreadPoolExecutor.java:1136)
at java.base/java.util.concurrent.ThreadPoolExecutor$Worker.run(ThreadPoolExecutor.java:635)
at java.base/java.lang.Thread.run(Thread.java:833)
... Removed 18 stack frames]]>
    </failure>
  </testcase> <!-- a34_whileSubscribingSchemeClickOnTheFailureButtonInTheRazorPayPagePaymentShouldPassErrorTest -->
  <testcase classname="sprint_2_Negative.aSprint_2_LoginLogout_Demo_FMS" name="a35_whileSubscribingSchemeClickOnTheSuccessButtonInTheRazorPayPagePaymentShouldFailErrorTest" time="61.528"/>
  <testcase classname="sprint_2_Negative.aSprint_2_LoginLogout_Demo_FMS" name="a36_loginWithoutByGiving10AlphabetsInMobileNumberTextFieldErrorTest" time="14.738"/>
  <testcase classname="sprint_2_Negative.aSprint_2_LoginLogout_Demo_FMS" name="a37_loginWithoutByGivingMoreThan10NumbersInMobileNumberInTextFieldErrorTest" time="9.745"/>
  <testcase classname="sprint_2_Negative.aSprint_2_LoginLogout_Demo_FMS" name="a38_loginWithoutByGivingLessThan10NumbersInMobileNumberTextFieldErrorTest" time="19.743">
    <failure type="org.openqa.selenium.NoSuchElementException" message="no such element: Unable to locate element: {&amp;quot;method&amp;quot;:&amp;quot;xpath&amp;quot;,&amp;quot;selector&amp;quot;:&amp;quot;a&amp;quot;}
  (Session info: chrome=121.0.6167.185)
For documentation on this error, please visit: https://www.selenium.dev/documentation/webdriver/troubleshooting/errors#no-such-element-exception
Build info: version: &amp;apos;4.14.1&amp;apos;, revision: &amp;apos;03f8ede370&amp;apos;
System info: os.name: &amp;apos;Windows 11&amp;apos;, os.arch: &amp;apos;amd64&amp;apos;, os.version: &amp;apos;10.0&amp;apos;, java.version: &amp;apos;18.0.1.1&amp;apos;
Driver info: org.openqa.selenium.chrome.ChromeDriver
Command: [00f68862329098d61afe3cceea8de993, findElement {using=xpath, value=a}]
Capabilities {acceptInsecureCerts: false, browserName: chrome, browserVersion: 121.0.6167.185, chrome: {chromedriverVersion: 121.0.6167.184 (057a8ae7deb..., userDataDir: C:\WINDOWS\TEMP\scoped_dir1...}, fedcm:accounts: true, goog:chromeOptions: {debuggerAddress: localhost:55374}, networkConnectionEnabled: false, pageLoadStrategy: normal, platformName: windows, proxy: Proxy(), se:cdp: ws://localhost:55374/devtoo..., se:cdpVersion: 121.0.6167.185, setWindowRect: true, strictFileInteractability: false, timeouts: {implicit: 0, pageLoad: 300000, script: 30000}, unhandledPromptBehavior: dismiss and notify, webauthn:extension:credBlob: true, webauthn:extension:largeBlob: true, webauthn:extension:minPinLength: true, webauthn:extension:prf: true, webauthn:virtualAuthenticators: true}
Session ID: 00f68862329098d61afe3cceea8de993">
      <![CDATA[org.openqa.selenium.NoSuchElementException: no such element: Unable to locate element: {"method":"xpath","selector":"a"}
  (Session info: chrome=121.0.6167.185)
For documentation on this error, please visit: https://www.selenium.dev/documentation/webdriver/troubleshooting/errors#no-such-element-exception
Build info: version: '4.14.1', revision: '03f8ede370'
System info: os.name: 'Windows 11', os.arch: 'amd64', os.version: '10.0', java.version: '18.0.1.1'
Driver info: org.openqa.selenium.chrome.ChromeDriver
Command: [00f68862329098d61afe3cceea8de993, findElement {using=xpath, value=a}]
Capabilities {acceptInsecureCerts: false, browserName: chrome, browserVersion: 121.0.6167.185, chrome: {chromedriverVersion: 121.0.6167.184 (057a8ae7deb..., userDataDir: C:\WINDOWS\TEMP\scoped_dir1...}, fedcm:accounts: true, goog:chromeOptions: {debuggerAddress: localhost:55374}, networkConnectionEnabled: false, pageLoadStrategy: normal, platformName: windows, proxy: Proxy(), se:cdp: ws://localhost:55374/devtoo..., se:cdpVersion: 121.0.6167.185, setWindowRect: true, strictFileInteractability: false, timeouts: {implicit: 0, pageLoad: 300000, script: 30000}, unhandledPromptBehavior: dismiss and notify, webauthn:extension:credBlob: true, webauthn:extension:largeBlob: true, webauthn:extension:minPinLength: true, webauthn:extension:prf: true, webauthn:virtualAuthenticators: true}
Session ID: 00f68862329098d61afe3cceea8de993
at org.openqa.selenium.remote.codec.w3c.W3CHttpResponseCodec.createException(W3CHttpResponseCodec.java:200)
at org.openqa.selenium.remote.codec.w3c.W3CHttpResponseCodec.decode(W3CHttpResponseCodec.java:133)
at org.openqa.selenium.remote.codec.w3c.W3CHttpResponseCodec.decode(W3CHttpResponseCodec.java:52)
at org.openqa.selenium.remote.HttpCommandExecutor.execute(HttpCommandExecutor.java:191)
at org.openqa.selenium.remote.service.DriverCommandExecutor.invokeExecute(DriverCommandExecutor.java:200)
at org.openqa.selenium.remote.service.DriverCommandExecutor.execute(DriverCommandExecutor.java:175)
at org.openqa.selenium.remote.RemoteWebDriver.execute(RemoteWebDriver.java:602)
at org.openqa.selenium.remote.ElementLocation$ElementFinder$2.findElement(ElementLocation.java:165)
at org.openqa.selenium.remote.ElementLocation.findElement(ElementLocation.java:59)
at org.openqa.selenium.remote.RemoteWebDriver.findElement(RemoteWebDriver.java:359)
at org.openqa.selenium.remote.RemoteWebDriver.findElement(RemoteWebDriver.java:353)
at sprint_2_Negative.aSprint_2_LoginLogout_Demo_FMS.a38_loginWithoutByGivingLessThan10NumbersInMobileNumberTextFieldErrorTest(aSprint_2_LoginLogout_Demo_FMS.java:3124)
at java.base/java.util.ArrayList.forEach(ArrayList.java:1511)
at java.base/java.util.concurrent.FutureTask.run(FutureTask.java:264)
at java.base/java.util.concurrent.ThreadPoolExecutor.runWorker(ThreadPoolExecutor.java:1136)
at java.base/java.util.concurrent.ThreadPoolExecutor$Worker.run(ThreadPoolExecutor.java:635)
at java.base/java.lang.Thread.run(Thread.java:833)
... Removed 18 stack frames]]>
    </failure>
  </testcase> <!-- a38_loginWithoutByGivingLessThan10NumbersInMobileNumberTextFieldErrorTest -->
</testsuite> <!-- Test -->
