<?xml version="1.0" encoding="UTF-8"?>
<!-- Generated by org.testng.reporters.JUnitXMLReporter -->
<testsuite ignored="0" hostname="Vicky" failures="2" tests="38" name="Test" time="1459.81" errors="0" timestamp="2024-02-23T15:40:31 IST">
  <testcase classname="sprint_2_Negative.Sprint_2_Negative_Demo_FMS" name="a1_loginByGivingInvalidEmailErrorTest" time="10.538"/>
  <testcase classname="sprint_2_Negative.Sprint_2_Negative_Demo_FMS" name="a2_loginByGivingInvalidPasswordErrorTest" time="10.052"/>
  <testcase classname="sprint_2_Negative.Sprint_2_Negative_Demo_FMS" name="a3_loginToFmsApplicationPassTest" time="11.622"/>
  <testcase classname="sprint_2_Negative.Sprint_2_Negative_Demo_FMS" name="a4_clickOnEcommerceSchemesPageShouldOpenErrorTest" time="17.097"/>
  <testcase classname="sprint_2_Negative.Sprint_2_Negative_Demo_FMS" name="a5_clickOnUserLinkSchemesPageShouldOpenErrorTest" time="20.068"/>
  <testcase classname="sprint_2_Negative.Sprint_2_Negative_Demo_FMS" name="a6_schemeClickOnAddSchemesAndAddSchemesPageShouldNotOpenErrorTest" time="22.062"/>
  <testcase classname="sprint_2_Negative.Sprint_2_Negative_Demo_FMS" name="a7_schemeCreatingWithoutGivingCountryDrpDwnErrorButPassErrorTest" time="33.406"/>
  <testcase classname="sprint_2_Negative.Sprint_2_Negative_Demo_FMS" name="a8_schemeCreatingWithoutGivingCalculationDrpDwnErrorTest" time="32.517"/>
  <testcase classname="sprint_2_Negative.Sprint_2_Negative_Demo_FMS" name="a9_schemeCreatingWithoutGivingSchemeDescriptionErrorTest" time="32.688"/>
  <testcase classname="sprint_2_Negative.Sprint_2_Negative_Demo_FMS" name="a10_schemeCreatingByGivingAllSchemeDetailsPassTest" time="36.831"/>
  <testcase classname="sprint_2_Negative.Sprint_2_Negative_Demo_FMS" name="a11_addingTenureListDetailsWithoutGivingAnyDetailsErrorTest" time="40.143"/>
  <testcase classname="sprint_2_Negative.Sprint_2_Negative_Demo_FMS" name="a12_addingTenureListDetailsByGivingAllDetailsPassTest" time="52.968"/>
  <testcase classname="sprint_2_Negative.Sprint_2_Negative_Demo_FMS" name="a13_addingTenureAmountDetailsWithoutGivingAnyDetailsErrorTest" time="53.467"/>
  <testcase classname="sprint_2_Negative.Sprint_2_Negative_Demo_FMS" name="a14_addingTenureAmountDetailsByGivingAllPositiveDetailsPassTest" time="59.735"/>
  <testcase classname="sprint_2_Negative.Sprint_2_Negative_Demo_FMS" name="a15_actionInfoSchemeContentAddingByGivingValidDataPassTest" time="77.644">
    <failure type="org.openqa.selenium.NoSuchElementException" message="no such element: Unable to locate element: {&amp;quot;method&amp;quot;:&amp;quot;xpath&amp;quot;,&amp;quot;selector&amp;quot;:&amp;quot;//textarea[@formcontrolname=&amp;apos;content&amp;apos;]/../following-sibling::div/button[.=&amp;apos;Add&amp;apos;]&amp;quot;}
  (Session info: chrome=121.0.6167.187)
For documentation on this error, please visit: https://www.selenium.dev/documentation/webdriver/troubleshooting/errors#no-such-element-exception
Build info: version: &amp;apos;4.14.1&amp;apos;, revision: &amp;apos;03f8ede370&amp;apos;
System info: os.name: &amp;apos;Windows 11&amp;apos;, os.arch: &amp;apos;amd64&amp;apos;, os.version: &amp;apos;10.0&amp;apos;, java.version: &amp;apos;18.0.1.1&amp;apos;
Driver info: org.openqa.selenium.chrome.ChromeDriver
Command: [2633bc89b86e13226af8834ad31cb83f, findElement {using=xpath, value=//textarea[@formcontrolname=&amp;apos;content&amp;apos;]/../following-sibling::div/button[.=&amp;apos;Add&amp;apos;]}]
Capabilities {acceptInsecureCerts: false, browserName: chrome, browserVersion: 121.0.6167.187, chrome: {chromedriverVersion: 121.0.6167.184 (057a8ae7deb..., userDataDir: C:\WINDOWS\TEMP\scoped_dir3...}, fedcm:accounts: true, goog:chromeOptions: {debuggerAddress: localhost:65169}, networkConnectionEnabled: false, pageLoadStrategy: normal, platformName: windows, proxy: Proxy(), se:cdp: ws://localhost:65169/devtoo..., se:cdpVersion: 121.0.6167.187, setWindowRect: true, strictFileInteractability: false, timeouts: {implicit: 0, pageLoad: 300000, script: 30000}, unhandledPromptBehavior: dismiss and notify, webauthn:extension:credBlob: true, webauthn:extension:largeBlob: true, webauthn:extension:minPinLength: true, webauthn:extension:prf: true, webauthn:virtualAuthenticators: true}
Session ID: 2633bc89b86e13226af8834ad31cb83f">
      <![CDATA[org.openqa.selenium.NoSuchElementException: no such element: Unable to locate element: {"method":"xpath","selector":"//textarea[@formcontrolname='content']/../following-sibling::div/button[.='Add']"}
  (Session info: chrome=121.0.6167.187)
For documentation on this error, please visit: https://www.selenium.dev/documentation/webdriver/troubleshooting/errors#no-such-element-exception
Build info: version: '4.14.1', revision: '03f8ede370'
System info: os.name: 'Windows 11', os.arch: 'amd64', os.version: '10.0', java.version: '18.0.1.1'
Driver info: org.openqa.selenium.chrome.ChromeDriver
Command: [2633bc89b86e13226af8834ad31cb83f, findElement {using=xpath, value=//textarea[@formcontrolname='content']/../following-sibling::div/button[.='Add']}]
Capabilities {acceptInsecureCerts: false, browserName: chrome, browserVersion: 121.0.6167.187, chrome: {chromedriverVersion: 121.0.6167.184 (057a8ae7deb..., userDataDir: C:\WINDOWS\TEMP\scoped_dir3...}, fedcm:accounts: true, goog:chromeOptions: {debuggerAddress: localhost:65169}, networkConnectionEnabled: false, pageLoadStrategy: normal, platformName: windows, proxy: Proxy(), se:cdp: ws://localhost:65169/devtoo..., se:cdpVersion: 121.0.6167.187, setWindowRect: true, strictFileInteractability: false, timeouts: {implicit: 0, pageLoad: 300000, script: 30000}, unhandledPromptBehavior: dismiss and notify, webauthn:extension:credBlob: true, webauthn:extension:largeBlob: true, webauthn:extension:minPinLength: true, webauthn:extension:prf: true, webauthn:virtualAuthenticators: true}
Session ID: 2633bc89b86e13226af8834ad31cb83f
at org.openqa.selenium.remote.codec.w3c.W3CHttpResponseCodec.createException(W3CHttpResponseCodec.java:200)
at org.openqa.selenium.remote.codec.w3c.W3CHttpResponseCodec.decode(W3CHttpResponseCodec.java:133)
at org.openqa.selenium.remote.codec.w3c.W3CHttpResponseCodec.decode(W3CHttpResponseCodec.java:52)
at org.openqa.selenium.remote.HttpCommandExecutor.execute(HttpCommandExecutor.java:191)
at org.openqa.selenium.remote.service.DriverCommandExecutor.invokeExecute(DriverCommandExecutor.java:200)
at org.openqa.selenium.remote.service.DriverCommandExecutor.execute(DriverCommandExecutor.java:175)
at org.openqa.selenium.remote.RemoteWebDriver.execute(RemoteWebDriver.java:602)
at org.openqa.selenium.remote.ElementLocation$ElementFinder$2.findElement(ElementLocation.java:165)
at org.openqa.selenium.remote.ElementLocation.findElement(ElementLocation.java:59)
at org.openqa.selenium.remote.RemoteWebDriver.findElement(RemoteWebDriver.java:359)
at org.openqa.selenium.remote.RemoteWebDriver.findElement(RemoteWebDriver.java:353)
at sprint_2_Negative.Sprint_2_Negative_Demo_FMS.a15_actionInfoSchemeContentAddingByGivingValidDataPassTest(Sprint_2_Negative_Demo_FMS.java:1035)
at java.base/java.util.ArrayList.forEach(ArrayList.java:1511)
at java.base/java.util.concurrent.FutureTask.run(FutureTask.java:264)
at java.base/java.util.concurrent.ThreadPoolExecutor.runWorker(ThreadPoolExecutor.java:1136)
at java.base/java.util.concurrent.ThreadPoolExecutor$Worker.run(ThreadPoolExecutor.java:635)
at java.base/java.lang.Thread.run(Thread.java:833)
... Removed 18 stack frames]]>
    </failure>
  </testcase> <!-- a15_actionInfoSchemeContentAddingByGivingValidDataPassTest -->
  <testcase classname="sprint_2_Negative.Sprint_2_Negative_Demo_FMS" name="a16_actionInfoSchemeContentAddingWithoutGivingDataErrorTest" time="57.219"/>
  <testcase classname="sprint_2_Negative.Sprint_2_Negative_Demo_FMS" name="a17_actionInfoSchemeTermsAndConditionsAddingWithoutGivingDataErrorTest" time="69.776"/>
  <testcase classname="sprint_2_Negative.Sprint_2_Negative_Demo_FMS" name="a18_actionInfoSchemeTermsAndConditionsAddingByGivingValidDataPassTest" time="70.253"/>
  <testcase classname="sprint_2_Negative.Sprint_2_Negative_Demo_FMS" name="a19_actionInfoSchemeFeatureAddingByGivingValidDataPassTest" time="75.949"/>
  <testcase classname="sprint_2_Negative.Sprint_2_Negative_Demo_FMS" name="a20_actionInfoSchemeFeatureAddingWithoutGivingDataPageStaticErrorTest" time="17.325">
    <failure type="org.openqa.selenium.ElementClickInterceptedException" message="element click intercepted: Element &amp;lt;span _ngcontent-fqc-c33=&amp;quot;&amp;quot;&amp;gt;...&amp;lt;/span&amp;gt; is not clickable at point (90, 180). Other element would receive the click: &amp;lt;div _ngcontent-fqc-c1=&amp;quot;&amp;quot; class=&amp;quot;global-loader&amp;quot;&amp;gt;...&amp;lt;/div&amp;gt;
  (Session info: chrome=121.0.6167.187)
Build info: version: &amp;apos;4.14.1&amp;apos;, revision: &amp;apos;03f8ede370&amp;apos;
System info: os.name: &amp;apos;Windows 11&amp;apos;, os.arch: &amp;apos;amd64&amp;apos;, os.version: &amp;apos;10.0&amp;apos;, java.version: &amp;apos;18.0.1.1&amp;apos;
Driver info: org.openqa.selenium.chrome.ChromeDriver
Command: [4c660f9b0690b657d1f903de6da94333, clickElement {id=F81F48407D431CA18DB814764AACA12B_element_41}]
Capabilities {acceptInsecureCerts: false, browserName: chrome, browserVersion: 121.0.6167.187, chrome: {chromedriverVersion: 121.0.6167.184 (057a8ae7deb..., userDataDir: C:\WINDOWS\TEMP\scoped_dir2...}, fedcm:accounts: true, goog:chromeOptions: {debuggerAddress: localhost:49715}, networkConnectionEnabled: false, pageLoadStrategy: normal, platformName: windows, proxy: Proxy(), se:cdp: ws://localhost:49715/devtoo..., se:cdpVersion: 121.0.6167.187, setWindowRect: true, strictFileInteractability: false, timeouts: {implicit: 0, pageLoad: 300000, script: 30000}, unhandledPromptBehavior: dismiss and notify, webauthn:extension:credBlob: true, webauthn:extension:largeBlob: true, webauthn:extension:minPinLength: true, webauthn:extension:prf: true, webauthn:virtualAuthenticators: true}
Element: [[ChromeDriver: chrome on windows (4c660f9b0690b657d1f903de6da94333)] -&amp;gt; xpath: //span[.=&amp;apos;Schemes&amp;apos;]]
Session ID: 4c660f9b0690b657d1f903de6da94333">
      <![CDATA[org.openqa.selenium.ElementClickInterceptedException: element click intercepted: Element <span _ngcontent-fqc-c33="">...</span> is not clickable at point (90, 180). Other element would receive the click: <div _ngcontent-fqc-c1="" class="global-loader">...</div>
  (Session info: chrome=121.0.6167.187)
Build info: version: '4.14.1', revision: '03f8ede370'
System info: os.name: 'Windows 11', os.arch: 'amd64', os.version: '10.0', java.version: '18.0.1.1'
Driver info: org.openqa.selenium.chrome.ChromeDriver
Command: [4c660f9b0690b657d1f903de6da94333, clickElement {id=F81F48407D431CA18DB814764AACA12B_element_41}]
Capabilities {acceptInsecureCerts: false, browserName: chrome, browserVersion: 121.0.6167.187, chrome: {chromedriverVersion: 121.0.6167.184 (057a8ae7deb..., userDataDir: C:\WINDOWS\TEMP\scoped_dir2...}, fedcm:accounts: true, goog:chromeOptions: {debuggerAddress: localhost:49715}, networkConnectionEnabled: false, pageLoadStrategy: normal, platformName: windows, proxy: Proxy(), se:cdp: ws://localhost:49715/devtoo..., se:cdpVersion: 121.0.6167.187, setWindowRect: true, strictFileInteractability: false, timeouts: {implicit: 0, pageLoad: 300000, script: 30000}, unhandledPromptBehavior: dismiss and notify, webauthn:extension:credBlob: true, webauthn:extension:largeBlob: true, webauthn:extension:minPinLength: true, webauthn:extension:prf: true, webauthn:virtualAuthenticators: true}
Element: [[ChromeDriver: chrome on windows (4c660f9b0690b657d1f903de6da94333)] -> xpath: //span[.='Schemes']]
Session ID: 4c660f9b0690b657d1f903de6da94333
at org.openqa.selenium.remote.codec.w3c.W3CHttpResponseCodec.createException(W3CHttpResponseCodec.java:200)
at org.openqa.selenium.remote.codec.w3c.W3CHttpResponseCodec.decode(W3CHttpResponseCodec.java:133)
at org.openqa.selenium.remote.codec.w3c.W3CHttpResponseCodec.decode(W3CHttpResponseCodec.java:52)
at org.openqa.selenium.remote.HttpCommandExecutor.execute(HttpCommandExecutor.java:191)
at org.openqa.selenium.remote.service.DriverCommandExecutor.invokeExecute(DriverCommandExecutor.java:200)
at org.openqa.selenium.remote.service.DriverCommandExecutor.execute(DriverCommandExecutor.java:175)
at org.openqa.selenium.remote.RemoteWebDriver.execute(RemoteWebDriver.java:602)
at org.openqa.selenium.remote.RemoteWebElement.execute(RemoteWebElement.java:224)
at org.openqa.selenium.remote.RemoteWebElement.click(RemoteWebElement.java:77)
at org.openqa.selenium.support.pagefactory.internal.LocatingElementHandler.invoke(LocatingElementHandler.java:51)
at jdk.proxy2/jdk.proxy2.$Proxy10.click(Unknown Source)
at sprint_2_Negative.Sprint_2_Negative_Demo_FMS.a20_actionInfoSchemeFeatureAddingWithoutGivingDataPageStaticErrorTest(Sprint_2_Negative_Demo_FMS.java:1633)
at java.base/java.util.ArrayList.forEach(ArrayList.java:1511)
at java.base/java.util.concurrent.FutureTask.run(FutureTask.java:264)
at java.base/java.util.concurrent.ThreadPoolExecutor.runWorker(ThreadPoolExecutor.java:1136)
at java.base/java.util.concurrent.ThreadPoolExecutor$Worker.run(ThreadPoolExecutor.java:635)
at java.base/java.lang.Thread.run(Thread.java:833)
... Removed 20 stack frames]]>
    </failure>
  </testcase> <!-- a20_actionInfoSchemeFeatureAddingWithoutGivingDataPageStaticErrorTest -->
  <testcase classname="sprint_2_Negative.Sprint_2_Negative_Demo_FMS" name="a21_actionInfoSchemeFaqAddingByGivingValidDataPassTest" time="89.533"/>
  <testcase classname="sprint_2_Negative.Sprint_2_Negative_Demo_FMS" name="a22_actionInfoSchemeFaqAddingWithoutGivingDataPageStaticErrorTest" time="103.558"/>
  <testcase classname="sprint_2_Negative.Sprint_2_Negative_Demo_FMS" name="a23_schemeCreatingWithoutGivingSchemeNameErrorTest" time="36.138"/>
  <testcase classname="sprint_2_Negative.Sprint_2_Negative_Demo_FMS" name="a24_loginWithoutGivingEmailAndPasswordErrorTest" time="9.188"/>
  <testcase classname="sprint_2_Negative.Sprint_2_Negative_Demo_FMS" name="a25_loginWithoutGivingEmailErrorTest" time="10.036"/>
  <testcase classname="sprint_2_Negative.Sprint_2_Negative_Demo_FMS" name="a26_loginWithoutGivingPasswordErrorTest" time="9.459"/>
  <testcase classname="sprint_2_Negative.Sprint_2_Negative_Demo_FMS" name="a27_loginByGivingEmailAsPwdAndPasswordAsEmailErrorTest" time="9.355"/>
  <testcase classname="sprint_2_Negative.Sprint_2_Negative_Demo_FMS" name="a28_schemeBootstrapBtnDisablingAndCheckingSchemeIsEnabledInUserPannelErrorTest" time="50.337"/>
  <testcase classname="sprint_2_Negative.Sprint_2_Negative_Demo_FMS" name="a29_schemeBootstrapBtnEnablingAndCheckingSchemeIsDisabledInUserPannelErrorTest" time="55.736"/>
  <testcase classname="sprint_2_Negative.Sprint_2_Negative_Demo_FMS" name="a30_clickOnDashboardSchemePageShouldBeDisplayedErrorTest" time="25.062"/>
  <testcase classname="sprint_2_Negative.Sprint_2_Negative_Demo_FMS" name="a31_creatingSchemeWithoutGivingDataErrorTest" time="31.172"/>
  <testcase classname="sprint_2_Negative.Sprint_2_Negative_Demo_FMS" name="a32_clickingOnPayNowBtnWithOutSelectingPaymentModeTest" time="55.534"/>
  <testcase classname="sprint_2_Negative.Sprint_2_Negative_Demo_FMS" name="a33_clickingOnUPIorQRAndClickOnUpiIdOrMobileNumberCheckBoxErrorTest" time="54.817"/>
  <testcase classname="sprint_2_Negative.Sprint_2_Negative_Demo_FMS" name="a34_whileSubscribingSchemeClickOnTheFailureButtonInTheRazorPayPagePaymentShouldPassErrorTest" time="28.785"/>
  <testcase classname="sprint_2_Negative.Sprint_2_Negative_Demo_FMS" name="a35_whileSubscribingSchemeClickOnTheSuccessButtonInTheRazorPayPagePaymentShouldFailErrorTest" time="61.315"/>
  <testcase classname="sprint_2_Negative.Sprint_2_Negative_Demo_FMS" name="a36_loginWithoutByGiving10AlphabetsInMobileNumberTextFieldErrorTest" time="9.434"/>
  <testcase classname="sprint_2_Negative.Sprint_2_Negative_Demo_FMS" name="a37_loginWithoutByGivingMoreThan10NumbersInMobileNumberInTextFieldErrorTest" time="9.578"/>
  <testcase classname="sprint_2_Negative.Sprint_2_Negative_Demo_FMS" name="a38_loginWithoutByGivingLessThan10NumbersInMobileNumberTextFieldErrorTest" time="9.303"/>
</testsuite> <!-- Test -->
