<?xml version="1.0" encoding="UTF-8"?>
<testng-results ignored="37" total="38" passed="1" failed="0" skipped="0">
  <reporter-output>
  </reporter-output>
  <suite started-at="2024-02-23T16:25:46 IST" name="Default suite" finished-at="2024-02-23T16:26:40 IST" duration-ms="53748">
    <groups>
      <group name="sprint-2">
        <method signature="Sprint_2_Negative_Demo_FMS.a12_addingTenureListDetailsByGivingAllDetailsPassTest()[pri:12, instance:sprint_2_Negative.Sprint_2_Negative_Demo_FMS@71d44a3]" name="a12_addingTenureListDetailsByGivingAllDetailsPassTest" class="sprint_2_Negative.Sprint_2_Negative_Demo_FMS"/>
      </group> <!-- sprint-2 -->
    </groups>
    <test started-at="2024-02-23T16:25:46 IST" name="Default test" finished-at="2024-02-23T16:26:40 IST" duration-ms="53748">
      <class name="sprint_2_Negative.Sprint_2_Negative_Demo_FMS">
        <test-method signature="a12_addingTenureListDetailsByGivingAllDetailsPassTest()[pri:12, instance:sprint_2_Negative.Sprint_2_Negative_Demo_FMS@71d44a3]" started-at="2024-02-23T16:25:46 IST" name="a12_addingTenureListDetailsByGivingAllDetailsPassTest" finished-at="2024-02-23T16:26:40 IST" duration-ms="53709" status="PASS">
          <reporter-output>
          </reporter-output>
        </test-method> <!-- a12_addingTenureListDetailsByGivingAllDetailsPassTest -->
      </class> <!-- sprint_2_Negative.Sprint_2_Negative_Demo_FMS -->
    </test> <!-- Default test -->
  </suite> <!-- Default suite -->
</testng-results>
